This file contains any messages produced by compilers while
running configure, to aid debugging if configure makes a mistake.

It was created by motion configure Git-8619d7c17ce112e7196975905c6e840f345141ba, which was
generated by GNU Autoconf 2.67.  Invocation command line was

  $ ./configure --with-jpeg-turbo=/usr/lib/arm-linux-gnueabihf

## --------- ##
## Platform. ##
## --------- ##

hostname = arm
uname -m = armv7l
uname -r = 3.7.8-x8
uname -s = Linux
uname -v = #1 SMP Sat Feb 16 04:15:13 UTC 2013

/usr/bin/uname -p = unknown
/bin/uname -X     = unknown

/bin/arch              = unknown
/usr/bin/arch -k       = unknown
/usr/convex/getsysinfo = unknown
/usr/bin/hostinfo      = unknown
/bin/machine           = unknown
/usr/bin/oslevel       = unknown
/bin/universe          = unknown

PATH: /usr/local/sbin
PATH: /usr/local/bin
PATH: /usr/sbin
PATH: /usr/bin
PATH: /sbin
PATH: /bin
PATH: /usr/games
PATH: /usr/local/games


## ----------- ##
## Core tests. ##
## ----------- ##

configure:2426: checking for gcc
configure:2442: found /usr/bin/gcc
configure:2453: result: gcc
configure:2682: checking for C compiler version
configure:2691: gcc --version >&5
gcc (Ubuntu/Linaro 4.7.2-2ubuntu1) 4.7.2
Copyright (C) 2012 Free Software Foundation, Inc.
This is free software; see the source for copying conditions.  There is NO
warranty; not even for MERCHANTABILITY or FITNESS FOR A PARTICULAR PURPOSE.

configure:2702: $? = 0
configure:2691: gcc -v >&5
Using built-in specs.
COLLECT_GCC=gcc
COLLECT_LTO_WRAPPER=/usr/lib/gcc/arm-linux-gnueabihf/4.7/lto-wrapper
Target: arm-linux-gnueabihf
Configured with: ../src/configure -v --with-pkgversion='Ubuntu/Linaro 4.7.2-2ubuntu1' --with-bugurl=file:///usr/share/doc/gcc-4.7/README.Bugs --enable-languages=c,c++,go,fortran,objc,obj-c++ --prefix=/usr --program-suffix=-4.7 --enable-shared --enable-linker-build-id --with-system-zlib --libexecdir=/usr/lib --without-included-gettext --enable-threads=posix --with-gxx-include-dir=/usr/include/c++/4.7 --libdir=/usr/lib --enable-nls --with-sysroot=/ --enable-clocale=gnu --enable-libstdcxx-debug --enable-libstdcxx-time=yes --enable-gnu-unique-object --disable-libitm --enable-plugin --enable-objc-gc --enable-multilib --disable-sjlj-exceptions --with-arch=armv7-a --with-fpu=vfpv3-d16 --with-float=hard --with-mode=thumb --disable-werror --enable-checking=release --build=arm-linux-gnueabihf --host=arm-linux-gnueabihf --target=arm-linux-gnueabihf
Thread model: posix
gcc version 4.7.2 (Ubuntu/Linaro 4.7.2-2ubuntu1) 
configure:2702: $? = 0
configure:2691: gcc -V >&5
gcc: error: unrecognized command line option '-V'
gcc: fatal error: no input files
compilation terminated.
configure:2702: $? = 4
configure:2691: gcc -qversion >&5
gcc: error: unrecognized command line option '-qversion'
gcc: fatal error: no input files
compilation terminated.
configure:2702: $? = 4
configure:2722: checking whether the C compiler works
configure:2744: gcc    conftest.c  >&5
configure:2748: $? = 0
configure:2796: result: yes
configure:2799: checking for C compiler default output file name
configure:2801: result: a.out
configure:2807: checking for suffix of executables
configure:2814: gcc -o conftest    conftest.c  >&5
configure:2818: $? = 0
configure:2840: result: 
configure:2862: checking whether we are cross compiling
configure:2870: gcc -o conftest    conftest.c  >&5
configure:2874: $? = 0
configure:2881: ./conftest
configure:2885: $? = 0
configure:2900: result: no
configure:2905: checking for suffix of object files
configure:2927: gcc -c   conftest.c >&5
configure:2931: $? = 0
configure:2952: result: o
configure:2956: checking whether we are using the GNU C compiler
configure:2975: gcc -c   conftest.c >&5
configure:2975: $? = 0
configure:2984: result: yes
configure:2993: checking whether gcc accepts -g
configure:3013: gcc -c -g  conftest.c >&5
configure:3013: $? = 0
configure:3054: result: yes
configure:3071: checking for gcc option to accept ISO C89
configure:3135: gcc  -c -g -O2  conftest.c >&5
configure:3135: $? = 0
configure:3148: result: none needed
configure:3195: checking for Darwin
configure:3200: result: no
configure:3202: checking for *BSD
configure:3207: result: no
configure:3301: checking for gcc
configure:3328: result: gcc
configure:3557: checking for C compiler version
configure:3566: gcc --version >&5
gcc (Ubuntu/Linaro 4.7.2-2ubuntu1) 4.7.2
Copyright (C) 2012 Free Software Foundation, Inc.
This is free software; see the source for copying conditions.  There is NO
warranty; not even for MERCHANTABILITY or FITNESS FOR A PARTICULAR PURPOSE.

configure:3577: $? = 0
configure:3566: gcc -v >&5
Using built-in specs.
COLLECT_GCC=gcc
COLLECT_LTO_WRAPPER=/usr/lib/gcc/arm-linux-gnueabihf/4.7/lto-wrapper
Target: arm-linux-gnueabihf
Configured with: ../src/configure -v --with-pkgversion='Ubuntu/Linaro 4.7.2-2ubuntu1' --with-bugurl=file:///usr/share/doc/gcc-4.7/README.Bugs --enable-languages=c,c++,go,fortran,objc,obj-c++ --prefix=/usr --program-suffix=-4.7 --enable-shared --enable-linker-build-id --with-system-zlib --libexecdir=/usr/lib --without-included-gettext --enable-threads=posix --with-gxx-include-dir=/usr/include/c++/4.7 --libdir=/usr/lib --enable-nls --with-sysroot=/ --enable-clocale=gnu --enable-libstdcxx-debug --enable-libstdcxx-time=yes --enable-gnu-unique-object --disable-libitm --enable-plugin --enable-objc-gc --enable-multilib --disable-sjlj-exceptions --with-arch=armv7-a --with-fpu=vfpv3-d16 --with-float=hard --with-mode=thumb --disable-werror --enable-checking=release --build=arm-linux-gnueabihf --host=arm-linux-gnueabihf --target=arm-linux-gnueabihf
Thread model: posix
gcc version 4.7.2 (Ubuntu/Linaro 4.7.2-2ubuntu1) 
configure:3577: $? = 0
configure:3566: gcc -V >&5
gcc: error: unrecognized command line option '-V'
gcc: fatal error: no input files
compilation terminated.
configure:3577: $? = 4
configure:3566: gcc -qversion >&5
gcc: error: unrecognized command line option '-qversion'
gcc: fatal error: no input files
compilation terminated.
configure:3577: $? = 4
configure:3581: checking whether we are using the GNU C compiler
configure:3609: result: yes
configure:3618: checking whether gcc accepts -g
configure:3679: result: yes
configure:3696: checking for gcc option to accept ISO C89
configure:3773: result: none needed
configure:3901: checking threads
configure:3917: gcc -o conftest -g -O2   conftest.c  >&5
/tmp/ccwRqoQZ.o: In function `main':
/home/ubuntu/MotionAndImageCapture/motion_program_capture/motion_modified/conftest.c:13: undefined reference to `pthread_join'
/home/ubuntu/MotionAndImageCapture/motion_program_capture/motion_modified/conftest.c:14: undefined reference to `__pthread_register_cancel'
/home/ubuntu/MotionAndImageCapture/motion_program_capture/motion_modified/conftest.c:15: undefined reference to `pthread_create'
/home/ubuntu/MotionAndImageCapture/motion_program_capture/motion_modified/conftest.c:15: undefined reference to `__pthread_unregister_cancel'
collect2: error: ld returned 1 exit status
configure:3917: $? = 1
configure: failed program was:
| /* confdefs.h */
| #define PACKAGE_NAME "motion"
| #define PACKAGE_TARNAME "motion"
| #define PACKAGE_VERSION "Git-8619d7c17ce112e7196975905c6e840f345141ba"
| #define PACKAGE_STRING "motion Git-8619d7c17ce112e7196975905c6e840f345141ba"
| #define PACKAGE_BUGREPORT ""
| #define PACKAGE_URL ""
| /* end confdefs.h.  */
| #include <pthread.h>
| int
| main ()
| {
| pthread_t th; pthread_join(th, 0);
|  pthread_attr_init(0); pthread_cleanup_push(0, 0);
|  pthread_create(0,0,0,0); pthread_cleanup_pop(0);
|   ;
|   return 0;
| }
configure:3934: result: yes
configure:3954: checking for sdl
configure:3966: result: no
configure:4011: checking for libjpeg-turbo in -> /usr/lib/arm-linux-gnueabihf <-
configure:4014: result: found
configure:4031: checking for jpeg_start_compress in -ljpeg
configure:4056: gcc -o conftest -g -O2 -I/usr/include -I/usr/include/arm-linux-gnueabihf  -L/usr/lib/arm-linux-gnueabihf conftest.c -ljpeg   -L/usr/lib/arm-linux-gnueabihf -ljpeg >&5
configure:4056: $? = 0
configure:4065: result: yes
configure:4099: checking for libjpeg-mmx
configure:4101: result: skipping
configure:4286: checking for ffmpeg autodetecting libraries
configure:4308: result: not found
configure:4482: checking for sqlite3_open in -lsqlite3
configure:4507: gcc -o conftest -g -O2   conftest.c -lsqlite3   >&5
/usr/bin/ld: cannot find -lsqlite3
collect2: error: ld returned 1 exit status
configure:4507: $? = 1
configure: failed program was:
| /* confdefs.h */
| #define PACKAGE_NAME "motion"
| #define PACKAGE_TARNAME "motion"
| #define PACKAGE_VERSION "Git-8619d7c17ce112e7196975905c6e840f345141ba"
| #define PACKAGE_STRING "motion Git-8619d7c17ce112e7196975905c6e840f345141ba"
| #define PACKAGE_BUGREPORT ""
| #define PACKAGE_URL ""
| /* end confdefs.h.  */
| 
| /* Override any GCC internal prototype to avoid an error.
|    Use char because int might match the return type of a GCC
|    builtin and then its argument prototype would still apply.  */
| #ifdef __cplusplus
| extern "C"
| #endif
| char sqlite3_open ();
| int
| main ()
| {
| return sqlite3_open ();
|   ;
|   return 0;
| }
configure:4516: result: no
configure:4544: checking for mysql support
configure:4580: result: testing
configure:4585: checking autodect mysql headers
configure:4621: result: not found
configure:4779: checking for PostgreSQL
configure:4786: result: testing
configure:4792: checking autodect pgsql headers
configure:4818: result: not found
configure:4944: checking how to run the C preprocessor
configure:4975: gcc -E  conftest.c
configure:4975: $? = 0
configure:4989: gcc -E  conftest.c
conftest.c:9:28: fatal error: ac_nonexistent.h: No such file or directory
compilation terminated.
configure:4989: $? = 1
configure: failed program was:
| /* confdefs.h */
| #define PACKAGE_NAME "motion"
| #define PACKAGE_TARNAME "motion"
| #define PACKAGE_VERSION "Git-8619d7c17ce112e7196975905c6e840f345141ba"
| #define PACKAGE_STRING "motion Git-8619d7c17ce112e7196975905c6e840f345141ba"
| #define PACKAGE_BUGREPORT ""
| #define PACKAGE_URL ""
| /* end confdefs.h.  */
| #include <ac_nonexistent.h>
configure:5014: result: gcc -E
configure:5034: gcc -E  conftest.c
configure:5034: $? = 0
configure:5048: gcc -E  conftest.c
conftest.c:9:28: fatal error: ac_nonexistent.h: No such file or directory
compilation terminated.
configure:5048: $? = 1
configure: failed program was:
| /* confdefs.h */
| #define PACKAGE_NAME "motion"
| #define PACKAGE_TARNAME "motion"
| #define PACKAGE_VERSION "Git-8619d7c17ce112e7196975905c6e840f345141ba"
| #define PACKAGE_STRING "motion Git-8619d7c17ce112e7196975905c6e840f345141ba"
| #define PACKAGE_BUGREPORT ""
| #define PACKAGE_URL ""
| /* end confdefs.h.  */
| #include <ac_nonexistent.h>
configure:5077: checking for grep that handles long lines and -e
configure:5135: result: /bin/grep
configure:5140: checking for egrep
configure:5202: result: /bin/grep -E
configure:5207: checking for ANSI C header files
configure:5227: gcc -c -g -O2  conftest.c >&5
configure:5227: $? = 0
configure:5300: gcc -o conftest -g -O2   conftest.c  >&5
configure:5300: $? = 0
configure:5300: ./conftest
configure:5300: $? = 0
configure:5311: result: yes
configure:5324: checking for sys/types.h
configure:5324: gcc -c -g -O2  conftest.c >&5
configure:5324: $? = 0
configure:5324: result: yes
configure:5324: checking for sys/stat.h
configure:5324: gcc -c -g -O2  conftest.c >&5
configure:5324: $? = 0
configure:5324: result: yes
configure:5324: checking for stdlib.h
configure:5324: gcc -c -g -O2  conftest.c >&5
configure:5324: $? = 0
configure:5324: result: yes
configure:5324: checking for string.h
configure:5324: gcc -c -g -O2  conftest.c >&5
configure:5324: $? = 0
configure:5324: result: yes
configure:5324: checking for memory.h
configure:5324: gcc -c -g -O2  conftest.c >&5
configure:5324: $? = 0
configure:5324: result: yes
configure:5324: checking for strings.h
configure:5324: gcc -c -g -O2  conftest.c >&5
configure:5324: $? = 0
configure:5324: result: yes
configure:5324: checking for inttypes.h
configure:5324: gcc -c -g -O2  conftest.c >&5
configure:5324: $? = 0
configure:5324: result: yes
configure:5324: checking for stdint.h
configure:5324: gcc -c -g -O2  conftest.c >&5
configure:5324: $? = 0
configure:5324: result: yes
configure:5324: checking for unistd.h
configure:5324: gcc -c -g -O2  conftest.c >&5
configure:5324: $? = 0
configure:5324: result: yes
configure:5339: checking stdio.h usability
configure:5339: gcc -c -g -O2  conftest.c >&5
configure:5339: $? = 0
configure:5339: result: yes
configure:5339: checking stdio.h presence
configure:5339: gcc -E  conftest.c
configure:5339: $? = 0
configure:5339: result: yes
configure:5339: checking for stdio.h
configure:5339: result: yes
configure:5339: checking for unistd.h
configure:5339: result: yes
configure:5339: checking for stdint.h
configure:5339: result: yes
configure:5339: checking fcntl.h usability
configure:5339: gcc -c -g -O2  conftest.c >&5
configure:5339: $? = 0
configure:5339: result: yes
configure:5339: checking fcntl.h presence
configure:5339: gcc -E  conftest.c
configure:5339: $? = 0
configure:5339: result: yes
configure:5339: checking for fcntl.h
configure:5339: result: yes
configure:5339: checking time.h usability
configure:5339: gcc -c -g -O2  conftest.c >&5
configure:5339: $? = 0
configure:5339: result: yes
configure:5339: checking time.h presence
configure:5339: gcc -E  conftest.c
configure:5339: $? = 0
configure:5339: result: yes
configure:5339: checking for time.h
configure:5339: result: yes
configure:5339: checking signal.h usability
configure:5339: gcc -c -g -O2  conftest.c >&5
configure:5339: $? = 0
configure:5339: result: yes
configure:5339: checking signal.h presence
configure:5339: gcc -E  conftest.c
configure:5339: $? = 0
configure:5339: result: yes
configure:5339: checking for signal.h
configure:5339: result: yes
configure:5339: checking sys/ioctl.h usability
configure:5339: gcc -c -g -O2  conftest.c >&5
configure:5339: $? = 0
configure:5339: result: yes
configure:5339: checking sys/ioctl.h presence
configure:5339: gcc -E  conftest.c
configure:5339: $? = 0
configure:5339: result: yes
configure:5339: checking for sys/ioctl.h
configure:5339: result: yes
configure:5339: checking sys/mman.h usability
configure:5339: gcc -c -g -O2  conftest.c >&5
configure:5339: $? = 0
configure:5339: result: yes
configure:5339: checking sys/mman.h presence
configure:5339: gcc -E  conftest.c
configure:5339: $? = 0
configure:5339: result: yes
configure:5339: checking for sys/mman.h
configure:5339: result: yes
configure:5339: checking linux/videodev.h usability
configure:5339: gcc -c -g -O2  conftest.c >&5
conftest.c:60:28: fatal error: linux/videodev.h: No such file or directory
compilation terminated.
configure:5339: $? = 1
configure: failed program was:
| /* confdefs.h */
| #define PACKAGE_NAME "motion"
| #define PACKAGE_TARNAME "motion"
| #define PACKAGE_VERSION "Git-8619d7c17ce112e7196975905c6e840f345141ba"
| #define PACKAGE_STRING "motion Git-8619d7c17ce112e7196975905c6e840f345141ba"
| #define PACKAGE_BUGREPORT ""
| #define PACKAGE_URL ""
| #define STDC_HEADERS 1
| #define HAVE_SYS_TYPES_H 1
| #define HAVE_SYS_STAT_H 1
| #define HAVE_STDLIB_H 1
| #define HAVE_STRING_H 1
| #define HAVE_MEMORY_H 1
| #define HAVE_STRINGS_H 1
| #define HAVE_INTTYPES_H 1
| #define HAVE_STDINT_H 1
| #define HAVE_UNISTD_H 1
| #define HAVE_STDIO_H 1
| #define HAVE_UNISTD_H 1
| #define HAVE_STDINT_H 1
| #define HAVE_FCNTL_H 1
| #define HAVE_TIME_H 1
| #define HAVE_SIGNAL_H 1
| #define HAVE_SYS_IOCTL_H 1
| #define HAVE_SYS_MMAN_H 1
| /* end confdefs.h.  */
| #include <stdio.h>
| #ifdef HAVE_SYS_TYPES_H
| # include <sys/types.h>
| #endif
| #ifdef HAVE_SYS_STAT_H
| # include <sys/stat.h>
| #endif
| #ifdef STDC_HEADERS
| # include <stdlib.h>
| # include <stddef.h>
| #else
| # ifdef HAVE_STDLIB_H
| #  include <stdlib.h>
| # endif
| #endif
| #ifdef HAVE_STRING_H
| # if !defined STDC_HEADERS && defined HAVE_MEMORY_H
| #  include <memory.h>
| # endif
| # include <string.h>
| #endif
| #ifdef HAVE_STRINGS_H
| # include <strings.h>
| #endif
| #ifdef HAVE_INTTYPES_H
| # include <inttypes.h>
| #endif
| #ifdef HAVE_STDINT_H
| # include <stdint.h>
| #endif
| #ifdef HAVE_UNISTD_H
| # include <unistd.h>
| #endif
| #include <linux/videodev.h>
configure:5339: result: no
configure:5339: checking linux/videodev.h presence
configure:5339: gcc -E  conftest.c
conftest.c:27:28: fatal error: linux/videodev.h: No such file or directory
compilation terminated.
configure:5339: $? = 1
configure: failed program was:
| /* confdefs.h */
| #define PACKAGE_NAME "motion"
| #define PACKAGE_TARNAME "motion"
| #define PACKAGE_VERSION "Git-8619d7c17ce112e7196975905c6e840f345141ba"
| #define PACKAGE_STRING "motion Git-8619d7c17ce112e7196975905c6e840f345141ba"
| #define PACKAGE_BUGREPORT ""
| #define PACKAGE_URL ""
| #define STDC_HEADERS 1
| #define HAVE_SYS_TYPES_H 1
| #define HAVE_SYS_STAT_H 1
| #define HAVE_STDLIB_H 1
| #define HAVE_STRING_H 1
| #define HAVE_MEMORY_H 1
| #define HAVE_STRINGS_H 1
| #define HAVE_INTTYPES_H 1
| #define HAVE_STDINT_H 1
| #define HAVE_UNISTD_H 1
| #define HAVE_STDIO_H 1
| #define HAVE_UNISTD_H 1
| #define HAVE_STDINT_H 1
| #define HAVE_FCNTL_H 1
| #define HAVE_TIME_H 1
| #define HAVE_SIGNAL_H 1
| #define HAVE_SYS_IOCTL_H 1
| #define HAVE_SYS_MMAN_H 1
| /* end confdefs.h.  */
| #include <linux/videodev.h>
configure:5339: result: no
configure:5339: checking for linux/videodev.h
configure:5339: result: no
configure:5339: checking linux/videodev2.h usability
configure:5339: gcc -c -g -O2  conftest.c >&5
configure:5339: $? = 0
configure:5339: result: yes
configure:5339: checking linux/videodev2.h presence
configure:5339: gcc -E  conftest.c
configure:5339: $? = 0
configure:5339: result: yes
configure:5339: checking for linux/videodev2.h
configure:5339: result: yes
configure:5339: checking sys/param.h usability
configure:5339: gcc -c -g -O2  conftest.c >&5
configure:5339: $? = 0
configure:5339: result: yes
configure:5339: checking sys/param.h presence
configure:5339: gcc -E  conftest.c
configure:5339: $? = 0
configure:5339: result: yes
configure:5339: checking for sys/param.h
configure:5339: result: yes
configure:5339: checking for sys/types.h
configure:5339: result: yes
configure:5352: checking for get_current_dir_name
configure:5352: gcc -o conftest -g -O2   conftest.c  >&5
configure:5352: $? = 0
configure:5352: result: yes
configure:5372: checking for struct v4l2_buffer
configure:5372: gcc -c -g -O2  conftest.c >&5
conftest.c:32:31: fatal error: linux/videodev.h: No such file or directory
compilation terminated.
configure:5372: $? = 1
configure: failed program was:
| /* confdefs.h */
| #define PACKAGE_NAME "motion"
| #define PACKAGE_TARNAME "motion"
| #define PACKAGE_VERSION "Git-8619d7c17ce112e7196975905c6e840f345141ba"
| #define PACKAGE_STRING "motion Git-8619d7c17ce112e7196975905c6e840f345141ba"
| #define PACKAGE_BUGREPORT ""
| #define PACKAGE_URL ""
| #define STDC_HEADERS 1
| #define HAVE_SYS_TYPES_H 1
| #define HAVE_SYS_STAT_H 1
| #define HAVE_STDLIB_H 1
| #define HAVE_STRING_H 1
| #define HAVE_MEMORY_H 1
| #define HAVE_STRINGS_H 1
| #define HAVE_INTTYPES_H 1
| #define HAVE_STDINT_H 1
| #define HAVE_UNISTD_H 1
| #define HAVE_STDIO_H 1
| #define HAVE_UNISTD_H 1
| #define HAVE_STDINT_H 1
| #define HAVE_FCNTL_H 1
| #define HAVE_TIME_H 1
| #define HAVE_SIGNAL_H 1
| #define HAVE_SYS_IOCTL_H 1
| #define HAVE_SYS_MMAN_H 1
| #define HAVE_LINUX_VIDEODEV2_H 1
| #define HAVE_SYS_PARAM_H 1
| #define HAVE_SYS_TYPES_H 1
| #define HAVE_GET_CURRENT_DIR_NAME 1
| /* end confdefs.h.  */
| #include <sys/time.h>
| 			#include <linux/videodev.h>
| 
| int
| main ()
| {
| if (sizeof (struct v4l2_buffer))
| 	 return 0;
|   ;
|   return 0;
| }
configure:5372: result: no
configure:5382: checking for V42L support
configure:5389: result: no
configure:5395: checking for V42L *old* support
configure:5397: result: testing
configure:5401: checking for linux/videodev2.h
configure:5401: result: yes
configure:5428: checking size of short
configure:5433: gcc -o conftest -g -O2   conftest.c  >&5
configure:5433: $? = 0
configure:5433: ./conftest
configure:5433: $? = 0
configure:5447: result: 2
configure:5461: checking size of int
configure:5466: gcc -o conftest -g -O2   conftest.c  >&5
configure:5466: $? = 0
configure:5466: ./conftest
configure:5466: $? = 0
configure:5480: result: 4
configure:5494: checking size of long int
configure:5499: gcc -o conftest -g -O2   conftest.c  >&5
configure:5499: $? = 0
configure:5499: ./conftest
configure:5499: $? = 0
configure:5513: result: 4
configure:5527: checking size of long long
configure:5532: gcc -o conftest -g -O2   conftest.c  >&5
configure:5532: $? = 0
configure:5532: ./conftest
configure:5532: $? = 0
configure:5546: result: 8
configure:5560: checking size of int *
configure:5565: gcc -o conftest -g -O2   conftest.c  >&5
configure:5565: $? = 0
configure:5565: ./conftest
configure:5565: $? = 0
configure:5579: result: 4
configure:5593: checking size of void *
configure:5598: gcc -o conftest -g -O2   conftest.c  >&5
configure:5598: $? = 0
configure:5598: ./conftest
configure:5598: $? = 0
configure:5612: result: 4
configure:5657: checking for an ANSI C-conforming const
configure:5722: gcc -c -g -O2  conftest.c >&5
configure:5722: $? = 0
configure:5729: result: yes
configure:5959: checking for bswap instruction
configure:5976: gcc -o conftest -g -O2   conftest.c  >&5
configure:5976: $? = 0
configure:5979: result: yes
configure:6002: checking for avformat_alloc_context
configure:6002: gcc -o conftest -g -O2 -I/usr/include -I/usr/include/arm-linux-gnueabihf -DMOTION_V4L2 -DMOTION_V4L2_OLD -DTYPE_32BIT="int" -DHAVE_BSWAP   -march=native -mtune=native    -L/usr/lib/arm-linux-gnueabihf conftest.c  -L/usr/lib/arm-linux-gnueabihf -ljpeg >&5
/tmp/cciJOpDn.o: In function `main':
/home/ubuntu/MotionAndImageCapture/motion_program_capture/motion_modified/conftest.c:72: undefined reference to `avformat_alloc_context'
collect2: error: ld returned 1 exit status
configure:6002: $? = 1
configure: failed program was:
| /* confdefs.h */
| #define PACKAGE_NAME "motion"
| #define PACKAGE_TARNAME "motion"
| #define PACKAGE_VERSION "Git-8619d7c17ce112e7196975905c6e840f345141ba"
| #define PACKAGE_STRING "motion Git-8619d7c17ce112e7196975905c6e840f345141ba"
| #define PACKAGE_BUGREPORT ""
| #define PACKAGE_URL ""
| #define STDC_HEADERS 1
| #define HAVE_SYS_TYPES_H 1
| #define HAVE_SYS_STAT_H 1
| #define HAVE_STDLIB_H 1
| #define HAVE_STRING_H 1
| #define HAVE_MEMORY_H 1
| #define HAVE_STRINGS_H 1
| #define HAVE_INTTYPES_H 1
| #define HAVE_STDINT_H 1
| #define HAVE_UNISTD_H 1
| #define HAVE_STDIO_H 1
| #define HAVE_UNISTD_H 1
| #define HAVE_STDINT_H 1
| #define HAVE_FCNTL_H 1
| #define HAVE_TIME_H 1
| #define HAVE_SIGNAL_H 1
| #define HAVE_SYS_IOCTL_H 1
| #define HAVE_SYS_MMAN_H 1
| #define HAVE_LINUX_VIDEODEV2_H 1
| #define HAVE_SYS_PARAM_H 1
| #define HAVE_SYS_TYPES_H 1
| #define HAVE_GET_CURRENT_DIR_NAME 1
| #define HAVE_LINUX_VIDEODEV2_H 1
| #define SIZEOF_SHORT 2
| #define SIZEOF_INT 4
| #define SIZEOF_LONG_INT 4
| #define SIZEOF_LONG_LONG 8
| #define SIZEOF_INT_P 4
| #define SIZEOF_VOID_P 4
| /* end confdefs.h.  */
| /* Define avformat_alloc_context to an innocuous variant, in case <limits.h> declares avformat_alloc_context.
|    For example, HP-UX 11i <limits.h> declares gettimeofday.  */
| #define avformat_alloc_context innocuous_avformat_alloc_context
| 
| /* System header to define __stub macros and hopefully few prototypes,
|     which can conflict with char avformat_alloc_context (); below.
|     Prefer <limits.h> to <assert.h> if __STDC__ is defined, since
|     <limits.h> exists even on freestanding compilers.  */
| 
| #ifdef __STDC__
| # include <limits.h>
| #else
| # include <assert.h>
| #endif
| 
| #undef avformat_alloc_context
| 
| /* Override any GCC internal prototype to avoid an error.
|    Use char because int might match the return type of a GCC
|    builtin and then its argument prototype would still apply.  */
| #ifdef __cplusplus
| extern "C"
| #endif
| char avformat_alloc_context ();
| /* The GNU C library defines this for functions which it implements
|     to always fail with ENOSYS.  Some functions are actually named
|     something starting with __ and the normal name is an alias.  */
| #if defined __stub_avformat_alloc_context || defined __stub___avformat_alloc_context
| choke me
| #endif
| 
| int
| main ()
| {
| return avformat_alloc_context ();
|   ;
|   return 0;
| }
configure:6002: result: no
configure:6009: checking for av_avformat_alloc_context
configure:6009: gcc -o conftest -g -O2 -I/usr/include -I/usr/include/arm-linux-gnueabihf -DMOTION_V4L2 -DMOTION_V4L2_OLD -DTYPE_32BIT="int" -DHAVE_BSWAP   -march=native -mtune=native    -L/usr/lib/arm-linux-gnueabihf conftest.c  -L/usr/lib/arm-linux-gnueabihf -ljpeg >&5
/tmp/ccEOSgfz.o: In function `main':
/home/ubuntu/MotionAndImageCapture/motion_program_capture/motion_modified/conftest.c:72: undefined reference to `av_avformat_alloc_context'
collect2: error: ld returned 1 exit status
configure:6009: $? = 1
configure: failed program was:
| /* confdefs.h */
| #define PACKAGE_NAME "motion"
| #define PACKAGE_TARNAME "motion"
| #define PACKAGE_VERSION "Git-8619d7c17ce112e7196975905c6e840f345141ba"
| #define PACKAGE_STRING "motion Git-8619d7c17ce112e7196975905c6e840f345141ba"
| #define PACKAGE_BUGREPORT ""
| #define PACKAGE_URL ""
| #define STDC_HEADERS 1
| #define HAVE_SYS_TYPES_H 1
| #define HAVE_SYS_STAT_H 1
| #define HAVE_STDLIB_H 1
| #define HAVE_STRING_H 1
| #define HAVE_MEMORY_H 1
| #define HAVE_STRINGS_H 1
| #define HAVE_INTTYPES_H 1
| #define HAVE_STDINT_H 1
| #define HAVE_UNISTD_H 1
| #define HAVE_STDIO_H 1
| #define HAVE_UNISTD_H 1
| #define HAVE_STDINT_H 1
| #define HAVE_FCNTL_H 1
| #define HAVE_TIME_H 1
| #define HAVE_SIGNAL_H 1
| #define HAVE_SYS_IOCTL_H 1
| #define HAVE_SYS_MMAN_H 1
| #define HAVE_LINUX_VIDEODEV2_H 1
| #define HAVE_SYS_PARAM_H 1
| #define HAVE_SYS_TYPES_H 1
| #define HAVE_GET_CURRENT_DIR_NAME 1
| #define HAVE_LINUX_VIDEODEV2_H 1
| #define SIZEOF_SHORT 2
| #define SIZEOF_INT 4
| #define SIZEOF_LONG_INT 4
| #define SIZEOF_LONG_LONG 8
| #define SIZEOF_INT_P 4
| #define SIZEOF_VOID_P 4
| /* end confdefs.h.  */
| /* Define av_avformat_alloc_context to an innocuous variant, in case <limits.h> declares av_avformat_alloc_context.
|    For example, HP-UX 11i <limits.h> declares gettimeofday.  */
| #define av_avformat_alloc_context innocuous_av_avformat_alloc_context
| 
| /* System header to define __stub macros and hopefully few prototypes,
|     which can conflict with char av_avformat_alloc_context (); below.
|     Prefer <limits.h> to <assert.h> if __STDC__ is defined, since
|     <limits.h> exists even on freestanding compilers.  */
| 
| #ifdef __STDC__
| # include <limits.h>
| #else
| # include <assert.h>
| #endif
| 
| #undef av_avformat_alloc_context
| 
| /* Override any GCC internal prototype to avoid an error.
|    Use char because int might match the return type of a GCC
|    builtin and then its argument prototype would still apply.  */
| #ifdef __cplusplus
| extern "C"
| #endif
| char av_avformat_alloc_context ();
| /* The GNU C library defines this for functions which it implements
|     to always fail with ENOSYS.  Some functions are actually named
|     something starting with __ and the normal name is an alias.  */
| #if defined __stub_av_avformat_alloc_context || defined __stub___av_avformat_alloc_context
| choke me
| #endif
| 
| int
| main ()
| {
| return av_avformat_alloc_context ();
|   ;
|   return 0;
| }
configure:6009: result: no
configure:6016: checking for av_register_protocol2
configure:6016: gcc -o conftest -g -O2 -I/usr/include -I/usr/include/arm-linux-gnueabihf -DMOTION_V4L2 -DMOTION_V4L2_OLD -DTYPE_32BIT="int" -DHAVE_BSWAP   -march=native -mtune=native    -L/usr/lib/arm-linux-gnueabihf conftest.c  -L/usr/lib/arm-linux-gnueabihf -ljpeg >&5
/tmp/ccEJUYpz.o: In function `main':
/home/ubuntu/MotionAndImageCapture/motion_program_capture/motion_modified/conftest.c:72: undefined reference to `av_register_protocol2'
collect2: error: ld returned 1 exit status
configure:6016: $? = 1
configure: failed program was:
| /* confdefs.h */
| #define PACKAGE_NAME "motion"
| #define PACKAGE_TARNAME "motion"
| #define PACKAGE_VERSION "Git-8619d7c17ce112e7196975905c6e840f345141ba"
| #define PACKAGE_STRING "motion Git-8619d7c17ce112e7196975905c6e840f345141ba"
| #define PACKAGE_BUGREPORT ""
| #define PACKAGE_URL ""
| #define STDC_HEADERS 1
| #define HAVE_SYS_TYPES_H 1
| #define HAVE_SYS_STAT_H 1
| #define HAVE_STDLIB_H 1
| #define HAVE_STRING_H 1
| #define HAVE_MEMORY_H 1
| #define HAVE_STRINGS_H 1
| #define HAVE_INTTYPES_H 1
| #define HAVE_STDINT_H 1
| #define HAVE_UNISTD_H 1
| #define HAVE_STDIO_H 1
| #define HAVE_UNISTD_H 1
| #define HAVE_STDINT_H 1
| #define HAVE_FCNTL_H 1
| #define HAVE_TIME_H 1
| #define HAVE_SIGNAL_H 1
| #define HAVE_SYS_IOCTL_H 1
| #define HAVE_SYS_MMAN_H 1
| #define HAVE_LINUX_VIDEODEV2_H 1
| #define HAVE_SYS_PARAM_H 1
| #define HAVE_SYS_TYPES_H 1
| #define HAVE_GET_CURRENT_DIR_NAME 1
| #define HAVE_LINUX_VIDEODEV2_H 1
| #define SIZEOF_SHORT 2
| #define SIZEOF_INT 4
| #define SIZEOF_LONG_INT 4
| #define SIZEOF_LONG_LONG 8
| #define SIZEOF_INT_P 4
| #define SIZEOF_VOID_P 4
| /* end confdefs.h.  */
| /* Define av_register_protocol2 to an innocuous variant, in case <limits.h> declares av_register_protocol2.
|    For example, HP-UX 11i <limits.h> declares gettimeofday.  */
| #define av_register_protocol2 innocuous_av_register_protocol2
| 
| /* System header to define __stub macros and hopefully few prototypes,
|     which can conflict with char av_register_protocol2 (); below.
|     Prefer <limits.h> to <assert.h> if __STDC__ is defined, since
|     <limits.h> exists even on freestanding compilers.  */
| 
| #ifdef __STDC__
| # include <limits.h>
| #else
| # include <assert.h>
| #endif
| 
| #undef av_register_protocol2
| 
| /* Override any GCC internal prototype to avoid an error.
|    Use char because int might match the return type of a GCC
|    builtin and then its argument prototype would still apply.  */
| #ifdef __cplusplus
| extern "C"
| #endif
| char av_register_protocol2 ();
| /* The GNU C library defines this for functions which it implements
|     to always fail with ENOSYS.  Some functions are actually named
|     something starting with __ and the normal name is an alias.  */
| #if defined __stub_av_register_protocol2 || defined __stub___av_register_protocol2
| choke me
| #endif
| 
| int
| main ()
| {
| return av_register_protocol2 ();
|   ;
|   return 0;
| }
configure:6016: result: no
configure:6023: checking for av_register_protocol
configure:6023: gcc -o conftest -g -O2 -I/usr/include -I/usr/include/arm-linux-gnueabihf -DMOTION_V4L2 -DMOTION_V4L2_OLD -DTYPE_32BIT="int" -DHAVE_BSWAP   -march=native -mtune=native    -L/usr/lib/arm-linux-gnueabihf conftest.c  -L/usr/lib/arm-linux-gnueabihf -ljpeg >&5
/tmp/ccI1taZI.o: In function `main':
/home/ubuntu/MotionAndImageCapture/motion_program_capture/motion_modified/conftest.c:72: undefined reference to `av_register_protocol'
collect2: error: ld returned 1 exit status
configure:6023: $? = 1
configure: failed program was:
| /* confdefs.h */
| #define PACKAGE_NAME "motion"
| #define PACKAGE_TARNAME "motion"
| #define PACKAGE_VERSION "Git-8619d7c17ce112e7196975905c6e840f345141ba"
| #define PACKAGE_STRING "motion Git-8619d7c17ce112e7196975905c6e840f345141ba"
| #define PACKAGE_BUGREPORT ""
| #define PACKAGE_URL ""
| #define STDC_HEADERS 1
| #define HAVE_SYS_TYPES_H 1
| #define HAVE_SYS_STAT_H 1
| #define HAVE_STDLIB_H 1
| #define HAVE_STRING_H 1
| #define HAVE_MEMORY_H 1
| #define HAVE_STRINGS_H 1
| #define HAVE_INTTYPES_H 1
| #define HAVE_STDINT_H 1
| #define HAVE_UNISTD_H 1
| #define HAVE_STDIO_H 1
| #define HAVE_UNISTD_H 1
| #define HAVE_STDINT_H 1
| #define HAVE_FCNTL_H 1
| #define HAVE_TIME_H 1
| #define HAVE_SIGNAL_H 1
| #define HAVE_SYS_IOCTL_H 1
| #define HAVE_SYS_MMAN_H 1
| #define HAVE_LINUX_VIDEODEV2_H 1
| #define HAVE_SYS_PARAM_H 1
| #define HAVE_SYS_TYPES_H 1
| #define HAVE_GET_CURRENT_DIR_NAME 1
| #define HAVE_LINUX_VIDEODEV2_H 1
| #define SIZEOF_SHORT 2
| #define SIZEOF_INT 4
| #define SIZEOF_LONG_INT 4
| #define SIZEOF_LONG_LONG 8
| #define SIZEOF_INT_P 4
| #define SIZEOF_VOID_P 4
| /* end confdefs.h.  */
| /* Define av_register_protocol to an innocuous variant, in case <limits.h> declares av_register_protocol.
|    For example, HP-UX 11i <limits.h> declares gettimeofday.  */
| #define av_register_protocol innocuous_av_register_protocol
| 
| /* System header to define __stub macros and hopefully few prototypes,
|     which can conflict with char av_register_protocol (); below.
|     Prefer <limits.h> to <assert.h> if __STDC__ is defined, since
|     <limits.h> exists even on freestanding compilers.  */
| 
| #ifdef __STDC__
| # include <limits.h>
| #else
| # include <assert.h>
| #endif
| 
| #undef av_register_protocol
| 
| /* Override any GCC internal prototype to avoid an error.
|    Use char because int might match the return type of a GCC
|    builtin and then its argument prototype would still apply.  */
| #ifdef __cplusplus
| extern "C"
| #endif
| char av_register_protocol ();
| /* The GNU C library defines this for functions which it implements
|     to always fail with ENOSYS.  Some functions are actually named
|     something starting with __ and the normal name is an alias.  */
| #if defined __stub_av_register_protocol || defined __stub___av_register_protocol
| choke me
| #endif
| 
| int
| main ()
| {
| return av_register_protocol ();
|   ;
|   return 0;
| }
configure:6023: result: no
configure:6157: creating ./config.status

## ---------------------- ##
## Running config.status. ##
## ---------------------- ##

This file was extended by motion config.status Git-8619d7c17ce112e7196975905c6e840f345141ba, which was
generated by GNU Autoconf 2.67.  Invocation command line was

  CONFIG_FILES    = 
  CONFIG_HEADERS  = 
  CONFIG_LINKS    = 
  CONFIG_COMMANDS = 
  $ ./config.status 

on arm

config.status:839: creating thread1.conf
config.status:839: creating thread2.conf
config.status:839: creating thread3.conf
config.status:839: creating thread4.conf
config.status:839: creating motion-dist.conf
config.status:839: creating motion.init-FreeBSD.sh
config.status:839: creating motion.init-Debian
config.status:839: creating motion.init-Fedora
config.status:839: creating motion.spec
config.status:839: creating Makefile
config.status:839: creating config.h
config.status:1008: config.h is unchanged

## ---------------- ##
## Cache variables. ##
## ---------------- ##

ac_cv_c_compiler_gnu=yes
ac_cv_c_const=yes
ac_cv_env_CC_set=
ac_cv_env_CC_value=
ac_cv_env_CFLAGS_set=
ac_cv_env_CFLAGS_value=
ac_cv_env_CPPFLAGS_set=
ac_cv_env_CPPFLAGS_value=
ac_cv_env_CPP_set=
ac_cv_env_CPP_value=
ac_cv_env_LDFLAGS_set=
ac_cv_env_LDFLAGS_value=
ac_cv_env_LIBS_set=
ac_cv_env_LIBS_value=
ac_cv_env_build_alias_set=
ac_cv_env_build_alias_value=
ac_cv_env_host_alias_set=
ac_cv_env_host_alias_value=
ac_cv_env_target_alias_set=
ac_cv_env_target_alias_value=
ac_cv_func_av_avformat_alloc_context=no
ac_cv_func_av_register_protocol2=no
ac_cv_func_av_register_protocol=no
ac_cv_func_avformat_alloc_context=no
ac_cv_func_get_current_dir_name=yes
ac_cv_header_fcntl_h=yes
ac_cv_header_inttypes_h=yes
ac_cv_header_linux_videodev2_h=yes
ac_cv_header_linux_videodev_h=no
ac_cv_header_memory_h=yes
ac_cv_header_signal_h=yes
ac_cv_header_stdc=yes
ac_cv_header_stdint_h=yes
ac_cv_header_stdio_h=yes
ac_cv_header_stdlib_h=yes
ac_cv_header_string_h=yes
ac_cv_header_strings_h=yes
ac_cv_header_sys_ioctl_h=yes
ac_cv_header_sys_mman_h=yes
ac_cv_header_sys_param_h=yes
ac_cv_header_sys_stat_h=yes
ac_cv_header_sys_types_h=yes
ac_cv_header_time_h=yes
ac_cv_header_unistd_h=yes
ac_cv_lib_jpeg_jpeg_start_compress=yes
ac_cv_lib_sqlite3_sqlite3_open=no
ac_cv_objext=o
ac_cv_path_EGREP='/bin/grep -E'
ac_cv_path_GREP=/bin/grep
ac_cv_prog_CPP='gcc -E'
ac_cv_prog_ac_ct_CC=gcc
ac_cv_prog_cc_c89=
ac_cv_prog_cc_g=yes
ac_cv_sizeof_int=4
ac_cv_sizeof_int_p=4
ac_cv_sizeof_long_int=4
ac_cv_sizeof_long_long=8
ac_cv_sizeof_short=2
ac_cv_sizeof_void_p=4
ac_cv_type_struct_v4l2_buffer=no

## ----------------- ##
## Output variables. ##
## ----------------- ##

BIN_PATH='/usr/local/bin'
CC='gcc'
CFLAGS='-g -O2 -I/usr/include -I/usr/include/arm-linux-gnueabihf -DMOTION_V4L2 -DMOTION_V4L2_OLD -DTYPE_32BIT="int" -DHAVE_BSWAP   -march=native -mtune=native'
CPP='gcc -E'
CPPFLAGS=''
DEFS='-DHAVE_CONFIG_H'
ECHO_C=''
ECHO_N='-n'
ECHO_T=''
EGREP='/bin/grep -E'
EXEEXT=''
FFMPEG_OBJ=''
GREP='/bin/grep'
LDFLAGS='  -L/usr/lib/arm-linux-gnueabihf'
LIBOBJS=''
LIBS=' -L/usr/lib/arm-linux-gnueabihf -ljpeg'
LTLIBOBJS=''
OBJEXT='o'
PACKAGE_BUGREPORT=''
PACKAGE_NAME='motion'
PACKAGE_STRING='motion Git-8619d7c17ce112e7196975905c6e840f345141ba'
PACKAGE_TARNAME='motion'
PACKAGE_URL=''
PACKAGE_VERSION='Git-8619d7c17ce112e7196975905c6e840f345141ba'
PATH_SEPARATOR=':'
SDL_OBJ=''
SHELL='/bin/bash'
VIDEO='video.o video2.o video_common.o'
ac_ct_CC='gcc'
bindir='${exec_prefix}/bin'
build_alias=''
datadir='${datarootdir}'
datarootdir='${prefix}/share'
docdir='${datarootdir}/doc/${PACKAGE_TARNAME}'
dvidir='${docdir}'
exec_prefix='${prefix}'
host_alias=''
htmldir='${docdir}'
includedir='${prefix}/include'
infodir='${datarootdir}/info'
libdir='${exec_prefix}/lib'
libexecdir='${exec_prefix}/libexec'
localedir='${datarootdir}/locale'
localstatedir='${prefix}/var'
mandir='${datarootdir}/man'
oldincludedir='/usr/include'
pdfdir='${docdir}'
prefix='/usr/local'
program_transform_name='s,x,x,'
psdir='${docdir}'
sbindir='${exec_prefix}/sbin'
sharedstatedir='${prefix}/com'
sysconfdir='${prefix}/etc'
target_alias=''

## ----------- ##
## confdefs.h. ##
## ----------- ##

/* confdefs.h */
#define PACKAGE_NAME "motion"
#define PACKAGE_TARNAME "motion"
#define PACKAGE_VERSION "Git-8619d7c17ce112e7196975905c6e840f345141ba"
#define PACKAGE_STRING "motion Git-8619d7c17ce112e7196975905c6e840f345141ba"
#define PACKAGE_BUGREPORT ""
#define PACKAGE_URL ""
#define STDC_HEADERS 1
#define HAVE_SYS_TYPES_H 1
#define HAVE_SYS_STAT_H 1
#define HAVE_STDLIB_H 1
#define HAVE_STRING_H 1
#define HAVE_MEMORY_H 1
#define HAVE_STRINGS_H 1
#define HAVE_INTTYPES_H 1
#define HAVE_STDINT_H 1
#define HAVE_UNISTD_H 1
#define HAVE_STDIO_H 1
#define HAVE_UNISTD_H 1
#define HAVE_STDINT_H 1
#define HAVE_FCNTL_H 1
#define HAVE_TIME_H 1
#define HAVE_SIGNAL_H 1
#define HAVE_SYS_IOCTL_H 1
#define HAVE_SYS_MMAN_H 1
#define HAVE_LINUX_VIDEODEV2_H 1
#define HAVE_SYS_PARAM_H 1
#define HAVE_SYS_TYPES_H 1
#define HAVE_GET_CURRENT_DIR_NAME 1
#define HAVE_LINUX_VIDEODEV2_H 1
#define SIZEOF_SHORT 2
#define SIZEOF_INT 4
#define SIZEOF_LONG_INT 4
#define SIZEOF_LONG_LONG 8
#define SIZEOF_INT_P 4
#define SIZEOF_VOID_P 4

configure: exit 0
