#
# A fatal error has been detected by the Java Runtime Environment:
#
#  EXCEPTION_ACCESS_VIOLATION (0xc0000005) at pc=0x00000000643bdd7e, pid=4812, tid=4428
#
# JRE version: 7.0_03-b05
# Java VM: Java HotSpot(TM) 64-Bit Server VM (22.1-b02 mixed mode windows-amd64 compressed oops)
# Problematic frame:
# V  [jvm.dll+0x7dd7e]
#
# Failed to write core dump. Minidumps are not enabled by default on client versions of Windows
#
# If you would like to submit a bug report, please visit:
#   http://bugreport.sun.com/bugreport/crash.jsp
#

---------------  T H R E A D  ---------------

Current thread (0x0000000007e35000):  JavaThread "AWT-EventQueue-0" [_thread_in_vm, id=4428, stack(0x0000000008700000,0x0000000008800000)]

siginfo: ExceptionCode=0xc0000005, reading address 0xffffffffffffffff

Registers:
RAX=0xef00000000000073, RBX=0x00000000064b9140, RCX=0x99880000e14c7c46, RDX=0x00000000064b9130
RSP=0x00000000087fd560, RBP=0x0000000000000032, RSI=0x0000000007e18e80, RDI=0x0000000000000000
R8 =0x00000000064b9128, R9 =0x00000000064b9100, R10=0x000000000000000c, R11=0x00000000087fd638
R12=0x0000000007e35000, R13=0x0000000001f339a1, R14=0x0000000000000001, R15=0x00000000087fdba0
RIP=0x00000000643bdd7e, EFLAGS=0x0000000000010202

Top of Stack: (sp=0x00000000087fd560)
0x00000000087fd560:   00000000087fdb30 00000000643be98a
0x00000000087fd570:   000000007d25d870 000000007d257828
0x00000000087fd580:   00000000064b9140 000000000000002b
0x00000000087fd590:   0000253405a89506 00000000643eee01
0x00000000087fd5a0:   0000000007e35000 000000077c401ad8
0x00000000087fd5b0:   00000000064b9118 0000000007e18eb0
0x00000000087fd5c0:   00000000064378d0 000000000643a560
0x00000000087fd5d0:   00000000087fdba0 00000000643be98a
0x00000000087fd5e0:   0000000007e35000 00000000064b9130
0x00000000087fd5f0:   00000000064b9118 00000000087fd720
0x00000000087fd600:   00000000064b9128 00000000643eee01
0x00000000087fd610:   0000000007e35000 0000000007e35000
0x00000000087fd620:   00000000064b9130 0000000000000000
0x00000000087fd630:   00000000064b9120 00000000643bfd5e
0x00000000087fd640:   00000000064b9128 00000000064b9100
0x00000000087fd650:   00000000064b9128 00000000064b9118 

Instructions: (pc=0x00000000643bdd7e)
0x00000000643bdd5e:   8b 0b 8b 41 2c c1 e8 0a a8 01 0f 84 9c 00 00 00
0x00000000643bdd6e:   49 8b b4 24 00 01 00 00 48 8b 41 10 48 8b 49 18
0x00000000643bdd7e:   0f b7 50 42 48 8b 6e 08 4c 8b 6e 10 4c 8b 76 18
0x00000000643bdd8e:   e8 1d d7 f8 ff 48 8b 0b 48 8b 51 10 48 8b 49 18 


Register to memory mapping:

RAX=0xef00000000000073 is an unknown value
RBX=0x00000000064b9140 is an unknown value
RCX=0x99880000e14c7c46 is an unknown value
RDX=0x00000000064b9130 is an unknown value
RSP=0x00000000087fd560 is pointing into the stack for thread: 0x0000000007e35000
RBP=0x0000000000000032 is an unknown value
RSI=0x0000000007e18e80 is an unknown value
RDI=0x0000000000000000 is an unknown value
R8 =0x00000000064b9128 is an unknown value
R9 =0x00000000064b9100 is an unknown value
R10=0x000000000000000c is an unknown value
R11=0x00000000087fd638 is pointing into the stack for thread: 0x0000000007e35000
R12=0x0000000007e35000 is a thread
R13=0x0000000001f339a1 is an unknown value
R14=0x0000000000000001 is an unknown value
R15=0x00000000087fdba0 is pointing into the stack for thread: 0x0000000007e35000


Stack: [0x0000000008700000,0x0000000008800000],  sp=0x00000000087fd560,  free space=1013k
Native frames: (J=compiled Java code, j=interpreted, Vv=VM code, C=native code)
V  [jvm.dll+0x7dd7e]

Java frames: (J=compiled Java code, j=interpreted, Vv=VM code)
v  ~RuntimeStub::resolve_opt_virtual_call
J  javax.swing.JTable.sortedTableChanged(Ljavax/swing/event/RowSorterEvent;Ljavax/swing/event/TableModelEvent;)V
J  javax.swing.table.AbstractTableModel.fireTableChanged(Ljavax/swing/event/TableModelEvent;)V
J  javax.swing.plaf.synth.SynthTableUI.paintCells(Ljavax/swing/plaf/synth/SynthContext;Ljava/awt/Graphics;IIII)V
J  javax.swing.plaf.synth.SynthTableUI.update(Ljava/awt/Graphics;Ljavax/swing/JComponent;)V
J  javax.swing.JComponent.paintComponent(Ljava/awt/Graphics;)V
J  javax.swing.JComponent.paint(Ljava/awt/Graphics;)V
J  javax.swing.RepaintManager$PaintManager.paintDoubleBuffered(Ljavax/swing/JComponent;Ljava/awt/Image;Ljava/awt/Graphics;IIII)V
J  javax.swing.RepaintManager$PaintManager.paint(Ljavax/swing/JComponent;Ljavax/swing/JComponent;Ljava/awt/Graphics;IIII)Z
J  javax.swing.JComponent._paintImmediately(IIII)V
J  javax.swing.RepaintManager.paintDirtyRegions(Ljava/util/Map;)V
J  java.awt.EventQueue$3.run()Ljava/lang/Object;
v  ~StubRoutines::call_stub
J  java.security.AccessController.doPrivileged(Ljava/security/PrivilegedAction;Ljava/security/AccessControlContext;)Ljava/lang/Object;
J  java.awt.EventDispatchThread.pumpOneEventForFilters(I)Z
j  java.awt.EventDispatchThread.pumpEventsForFilter(ILjava/awt/Conditional;Ljava/awt/EventFilter;)V+35
j  java.awt.EventDispatchThread.pumpEventsForHierarchy(ILjava/awt/Conditional;Ljava/awt/Component;)V+11
j  java.awt.EventDispatchThread.pumpEvents(ILjava/awt/Conditional;)V+4
j  java.awt.EventDispatchThread.pumpEvents(Ljava/awt/Conditional;)V+3
j  java.awt.EventDispatchThread.run()V+9
v  ~StubRoutines::call_stub

---------------  P R O C E S S  ---------------

Java Threads: ( => current thread )
  0x00000000080cb000 JavaThread "pool-1-thread-1" [_thread_blocked, id=304, stack(0x000000000d070000,0x000000000d170000)]
  0x0000000008087000 JavaThread "Thread-3" [_thread_blocked, id=3640, stack(0x000000000c350000,0x000000000c450000)]
  0x0000000008086000 JavaThread "Thread-2" [_thread_in_native, id=5840, stack(0x000000000c4b0000,0x000000000c5b0000)]
  0x0000000008029800 JavaThread "TimerQueue" daemon [_thread_blocked, id=5700, stack(0x000000000bee0000,0x000000000bfe0000)]
  0x0000000007fc2800 JavaThread "D3D Screen Updater" daemon [_thread_blocked, id=5140, stack(0x000000000b750000,0x000000000b850000)]
  0x0000000001d0b800 JavaThread "DestroyJavaVM" [_thread_blocked, id=5292, stack(0x0000000002220000,0x0000000002320000)]
=>0x0000000007e35000 JavaThread "AWT-EventQueue-0" [_thread_in_vm, id=4428, stack(0x0000000008700000,0x0000000008800000)]
  0x00000000064b8000 JavaThread "AWT-Windows" daemon [_thread_in_native, id=3116, stack(0x00000000079a0000,0x0000000007aa0000)]
  0x00000000064b7000 JavaThread "AWT-Shutdown" [_thread_blocked, id=5452, stack(0x0000000007830000,0x0000000007930000)]
  0x000000000642d000 JavaThread "Java2D Disposer" daemon [_thread_blocked, id=4852, stack(0x0000000007620000,0x0000000007720000)]
  0x00000000063c3000 JavaThread "Service Thread" daemon [_thread_blocked, id=2596, stack(0x0000000007250000,0x0000000007350000)]
  0x00000000063b9800 JavaThread "C2 CompilerThread1" daemon [_thread_blocked, id=4692, stack(0x0000000007140000,0x0000000007240000)]
  0x00000000063b4800 JavaThread "C2 CompilerThread0" daemon [_thread_blocked, id=4744, stack(0x0000000006e10000,0x0000000006f10000)]
  0x00000000063b1800 JavaThread "Attach Listener" daemon [_thread_blocked, id=1832, stack(0x0000000006f70000,0x0000000007070000)]
  0x00000000063ac800 JavaThread "Signal Dispatcher" daemon [_thread_blocked, id=5148, stack(0x0000000006cb0000,0x0000000006db0000)]
  0x0000000001fa7000 JavaThread "Finalizer" daemon [_thread_blocked, id=5184, stack(0x0000000006b90000,0x0000000006c90000)]
  0x0000000001fa0000 JavaThread "Reference Handler" daemon [_thread_blocked, id=5528, stack(0x00000000069d0000,0x0000000006ad0000)]

Other Threads:
  0x0000000001f98800 VMThread [stack: 0x00000000068c0000,0x00000000069c0000] [id=4564]
  0x00000000063ce000 WatcherThread [stack: 0x0000000007410000,0x0000000007510000] [id=2652]

VM state:not at safepoint (normal execution)

VM Mutex/Monitor currently owned by a thread: None

Heap
 PSYoungGen      total 37824K, used 15736K [0x00000007d5cb0000, 0x00000007d86e0000, 0x0000000800000000)
  eden space 32448K, 41% used [0x00000007d5cb0000,0x00000007d69de758,0x00000007d7c60000)
  from space 5376K, 41% used [0x00000007d7c60000,0x00000007d7e8f970,0x00000007d81a0000)
  to   space 5376K, 0% used [0x00000007d81a0000,0x00000007d81a0000,0x00000007d86e0000)
 PSOldGen        total 86464K, used 0K [0x0000000781600000, 0x0000000786a70000, 0x00000007d5cb0000)
  object space 86464K, 0% used [0x0000000781600000,0x0000000781600000,0x0000000786a70000)
 PSPermGen       total 21248K, used 14728K [0x000000077c400000, 0x000000077d8c0000, 0x0000000781600000)
  object space 21248K, 69% used [0x000000077c400000,0x000000077d2623f0,0x000000077d8c0000)

Code Cache  [0x0000000002320000, 0x0000000002590000, 0x0000000005320000)
 total_blobs=1320 nmethods=830 adapters=441 free_code_cache=46853Kb largest_free_block=47925120

Dynamic libraries:
0x000000013f480000 - 0x000000013f4b3000 	C:\Program Files\Java\jdk1.7.0_03\bin\java.exe
0x00000000777a0000 - 0x0000000077949000 	C:\Windows\SYSTEM32\ntdll.dll
0x0000000077530000 - 0x000000007764f000 	C:\Windows\system32\kernel32.dll
0x000007fefdf00000 - 0x000007fefdf6b000 	C:\Windows\system32\KERNELBASE.dll
0x000007feff160000 - 0x000007feff23b000 	C:\Windows\system32\ADVAPI32.dll
0x000007feff580000 - 0x000007feff61f000 	C:\Windows\system32\msvcrt.dll
0x000007feff770000 - 0x000007feff78f000 	C:\Windows\SYSTEM32\sechost.dll
0x000007feff640000 - 0x000007feff76d000 	C:\Windows\system32\RPCRT4.dll
0x0000000077430000 - 0x000000007752a000 	C:\Windows\system32\USER32.dll
0x000007feffa40000 - 0x000007feffaa7000 	C:\Windows\system32\GDI32.dll
0x000007feff240000 - 0x000007feff24e000 	C:\Windows\system32\LPK.dll
0x000007fefefb0000 - 0x000007feff079000 	C:\Windows\system32\USP10.dll
0x000007fefc620000 - 0x000007fefc814000 	C:\Windows\WinSxS\amd64_microsoft.windows.common-controls_6595b64144ccf1df_6.0.7601.17514_none_fa396087175ac9ac\COMCTL32.dll
0x000007feff500000 - 0x000007feff571000 	C:\Windows\system32\SHLWAPI.dll
0x000007feffa10000 - 0x000007feffa3e000 	C:\Windows\system32\IMM32.DLL
0x000007fefed70000 - 0x000007fefee79000 	C:\Windows\system32\MSCTF.dll
0x000007fefdbc0000 - 0x000007fefdc00000 	C:\Windows\system32\nvinitx.dll
0x0000000064d80000 - 0x0000000064e51000 	C:\Program Files\Java\jdk1.7.0_03\jre\bin\msvcr100.dll
0x0000000064340000 - 0x0000000064a1a000 	C:\Program Files\Java\jdk1.7.0_03\jre\bin\server\jvm.dll
0x000007feed4f0000 - 0x000007feed4f9000 	C:\Windows\system32\WSOCK32.dll
0x000007fefeee0000 - 0x000007fefef2d000 	C:\Windows\system32\WS2_32.dll
0x000007fefdfd0000 - 0x000007fefdfd8000 	C:\Windows\system32\NSI.dll
0x000007fefba20000 - 0x000007fefba5b000 	C:\Windows\system32\WINMM.dll
0x0000000077970000 - 0x0000000077977000 	C:\Windows\system32\PSAPI.DLL
0x000000006fb40000 - 0x000000006fb4f000 	C:\Program Files\Java\jdk1.7.0_03\jre\bin\verify.dll
0x000000006fb10000 - 0x000000006fb38000 	C:\Program Files\Java\jdk1.7.0_03\jre\bin\java.dll
0x0000000065af0000 - 0x0000000065b05000 	C:\Program Files\Java\jdk1.7.0_03\jre\bin\zip.dll
0x00000000641a0000 - 0x0000000064334000 	C:\Program Files\Java\jdk1.7.0_03\jre\bin\awt.dll
0x000007feff080000 - 0x000007feff157000 	C:\Windows\system32\OLEAUT32.dll
0x000007feff2f0000 - 0x000007feff4f3000 	C:\Windows\system32\ole32.dll
0x000007fefc290000 - 0x000007fefc2e6000 	C:\Windows\system32\uxtheme.dll
0x000007fefbdc0000 - 0x000007fefbdd8000 	C:\Windows\system32\dwmapi.dll
0x000007fefdbb0000 - 0x000007fefdbbf000 	C:\Windows\system32\CRYPTBASE.dll
0x000007fefdfe0000 - 0x000007fefed68000 	C:\Windows\system32\SHELL32.dll
0x0000000064c90000 - 0x0000000064cc4000 	C:\Program Files\Java\jdk1.7.0_03\jre\bin\fontmanager.dll
0x000007fee8020000 - 0x000007fee821f000 	C:\Windows\system32\d3d9.dll
0x000007fefccb0000 - 0x000007fefccbc000 	C:\Windows\system32\VERSION.dll
0x000007fefb5d0000 - 0x000007fefb5d7000 	C:\Windows\system32\d3d8thk.dll
0x000007fee4ea0000 - 0x000007fee6020000 	C:\Windows\system32\nvd3dumx.dll
0x000007fefc350000 - 0x000007fefc37c000 	C:\Windows\system32\powrprof.dll
0x000007feff790000 - 0x000007feff967000 	C:\Windows\system32\SETUPAPI.dll
0x000007fefde20000 - 0x000007fefde56000 	C:\Windows\system32\CFGMGR32.dll
0x000007fefdf70000 - 0x000007fefdf8a000 	C:\Windows\system32\DEVOBJ.dll
0x0000000180000000 - 0x0000000180116000 	C:\Program Files (x86)\NVIDIA Corporation\3D Vision\nvSCPAPI64.dll
0x000007fef4e60000 - 0x000007fef4ebd000 	C:\Windows\system32\dxgi.dll
0x0000000065ad0000 - 0x0000000065ae9000 	C:\Program Files\Java\jdk1.7.0_03\jre\bin\net.dll
0x000007fefd430000 - 0x000007fefd485000 	C:\Windows\system32\mswsock.dll
0x000007fefd420000 - 0x000007fefd427000 	C:\Windows\System32\wship6.dll
0x0000000064d60000 - 0x0000000064d71000 	C:\Program Files\Java\jdk1.7.0_03\jre\bin\nio.dll
0x000007feff970000 - 0x000007feffa09000 	C:\Windows\system32\CLBCatQ.DLL
0x000007fefbbf0000 - 0x000007fefbd51000 	C:\Windows\system32\WindowsCodecs.dll
0x000007fefda90000 - 0x000007fefdae7000 	C:\Windows\system32\apphelp.dll
0x000000006e8d0000 - 0x000000006e8e6000 	C:\Program Files\Common Files\TortoiseOverlays\TortoiseOverlays.dll
0x000000006e8b0000 - 0x000000006e8c0000 	C:\Program Files\TortoiseSVN\bin\TortoiseStub.dll
0x000000006e830000 - 0x000000006e8ab000 	C:\Program Files\TortoiseSVN\bin\TortoiseSVN.dll
0x00000000772d0000 - 0x000000007742b000 	C:\Windows\system32\WININET.dll
0x0000000077960000 - 0x0000000077963000 	C:\Windows\system32\Normaliz.dll
0x00000000770c0000 - 0x00000000772d0000 	C:\Windows\system32\iertutil.dll
0x0000000077650000 - 0x000000007779d000 	C:\Windows\system32\urlmon.dll
0x000007fef3240000 - 0x000007fef3629000 	C:\Program Files\TortoiseSVN\bin\libsvn_tsvn.dll
0x000000006e800000 - 0x000000006e82b000 	C:\Program Files\TortoiseSVN\bin\libapr_tsvn.dll
0x000000006e6d0000 - 0x000000006e711000 	C:\Program Files\TortoiseSVN\bin\libaprutil_tsvn.dll
0x000007fefee80000 - 0x000007fefeed2000 	C:\Windows\system32\WLDAP32.dll
0x000007fef3230000 - 0x000007fef3240000 	C:\Program Files\TortoiseSVN\bin\intl3_tsvn.dll
0x000007fef3210000 - 0x000007fef322a000 	C:\Program Files\TortoiseSVN\bin\libsasl.dll
0x000007fefd8b0000 - 0x000007fefd8bb000 	C:\Windows\system32\Secur32.dll
0x000007fefda60000 - 0x000007fefda85000 	C:\Windows\system32\SSPICLI.DLL
0x000007fefdcb0000 - 0x000007fefde1a000 	C:\Windows\system32\CRYPT32.dll
0x000007fefdca0000 - 0x000007fefdcaf000 	C:\Windows\system32\MSASN1.dll
0x000000006e630000 - 0x000000006e6c8000 	C:\Windows\system32\MSVCP100.dll
0x000007fef31d0000 - 0x000007fef3205000 	C:\Windows\system32\EhStorShell.dll
0x000007fefc4a0000 - 0x000007fefc5cc000 	C:\Windows\system32\PROPSYS.dll
0x000007fef2b60000 - 0x000007fef31cf000 	C:\PROGRA~1\MICROS~2\Office14\GROOVEEX.DLL
0x000000006e580000 - 0x000000006e623000 	C:\Windows\WinSxS\amd64_microsoft.vc90.crt_1fc8b3b9a1e18e3b_9.0.30729.6161_none_08e61857a83bc251\MSVCR90.dll
0x000000006e4a0000 - 0x000000006e573000 	C:\Windows\WinSxS\amd64_microsoft.vc90.crt_1fc8b3b9a1e18e3b_9.0.30729.6161_none_08e61857a83bc251\MSVCP90.dll
0x000000006e470000 - 0x000000006e49f000 	C:\Windows\WinSxS\amd64_microsoft.vc90.atl_1fc8b3b9a1e18e3b_9.0.30729.6161_none_0a1fd3a3a768b895\ATL90.DLL
0x000007fef15b0000 - 0x000007fef19ca000 	C:\PROGRA~1\COMMON~1\MICROS~1\OFFICE14\Cultures\office.odf
0x000007fef0d40000 - 0x000007fef15a5000 	C:\PROGRA~1\MICROS~2\Office14\1033\GrooveIntlResource.dll
0x0000000064c40000 - 0x0000000064c81000 	C:\Program Files\Java\jdk1.7.0_03\jre\bin\t2k.dll
0x0000000064170000 - 0x000000006419a000 	C:\Program Files\Java\jdk1.7.0_03\jre\bin\dcpr.dll
0x000007fefcd80000 - 0x000007fefcd87000 	C:\Windows\System32\wshtcpip.dll
0x000007fefd2b0000 - 0x000007fefd30b000 	C:\Windows\system32\DNSAPI.dll
0x000007fef7240000 - 0x000007fef726f000 	C:\Program Files\Common Files\Microsoft Shared\Windows Live\WLIDNSP.DLL
0x000007fefb510000 - 0x000007fefb537000 	C:\Windows\system32\IPHLPAPI.DLL
0x000007fefb500000 - 0x000007fefb50b000 	C:\Windows\system32\WINNSI.DLL
0x000007fef7230000 - 0x000007fef7238000 	C:\Windows\system32\rasadhlp.dll
0x000007fefb3c0000 - 0x000007fefb413000 	C:\Windows\System32\fwpuclnt.dll

VM Arguments:
jvm_args: -Dfile.encoding=UTF-8 
java_command: cyprusgui.MainForm
Launcher Type: SUN_STANDARD

Environment Variables:
PATH=C:\Program Files\Common Files\Microsoft Shared\Windows Live;C:\Program Files (x86)\Common Files\Microsoft Shared\Windows Live;C:\Program Files (x86)\NVIDIA Corporation\PhysX\Common;C:\Windows\system32;C:\Windows;C:\Windows\System32\Wbem;C:\Windows\System32\WindowsPowerShell\v1.0\;C:\Program Files\Lucidlogix Technologies\VIRTU;C:\Program Files\MySQL\bin;C:\Program Files\MySQL\MySQL Server 5.5\bin;C:\bin;C:\Program Files\TortoiseSVN\bin;C:\Program Files (x86)\Windows Live\Shared;C:\Program Files (x86)\Graphviz 2.28\bin;C:\Program Files\Java\jdk1.7.0_03\bin;C:\Program Files\Java\jre7\bin;C:\Program Files (x86)\SSH Communications Security\SSH Secure Shell
USERNAME=James
OS=Windows_NT
PROCESSOR_IDENTIFIER=Intel64 Family 6 Model 42 Stepping 7, GenuineIntel



---------------  S Y S T E M  ---------------

OS: Windows 7 , 64 bit Build 7601 Service Pack 1

CPU:total 4 (4 cores per cpu, 1 threads per core) family 6 model 42 stepping 7, cmov, cx8, fxsr, mmx, sse, sse2, sse3, ssse3, sse4.1, sse4.2, popcnt

Memory: 4k page, physical 8298012k(5149744k free), swap 16594168k(12901404k free)

vm_info: Java HotSpot(TM) 64-Bit Server VM (22.1-b02) for windows-amd64 JRE (1.7.0_03-b05), built on Feb  3 2012 20:43:56 by "java_re" with unknown MS VC++:1600

time: Tue Mar 19 23:35:23 2013
elapsed time: 6 seconds

