#
# A fatal error has been detected by the Java Runtime Environment:
#
#  EXCEPTION_ACCESS_VIOLATION (0xc0000005) at pc=0x000000000252b6f2, pid=6128, tid=5988
#
# JRE version: 7.0_03-b05
# Java VM: Java HotSpot(TM) 64-Bit Server VM (22.1-b02 mixed mode windows-amd64 compressed oops)
# Problematic frame:
# J  javax.swing.JTable.sortedTableChanged(Ljavax/swing/event/RowSorterEvent;Ljavax/swing/event/TableModelEvent;)V
#
# Failed to write core dump. Minidumps are not enabled by default on client versions of Windows
#
# If you would like to submit a bug report, please visit:
#   http://bugreport.sun.com/bugreport/crash.jsp
#

---------------  T H R E A D  ---------------

Current thread (0x00000000074dd000):  JavaThread "AWT-EventQueue-0" [_thread_in_Java, id=5988, stack(0x0000000008370000,0x0000000008470000)]

siginfo: ExceptionCode=0xc0000005, reading address 0x000000000f71c72c

Registers:
RAX=0x0000000000000000, RBX=0x00000000000000f1, RCX=0x0000000000000000, RDX=0x00000000ffffffff
RSP=0x000000000846e8e0, RBP=0x00000000f02d714a, RSI=0x000000077c402da0, RDI=0x000000077c401d60
R8 =0x000000000168e000, R9 =0x0000000000000000, R10=0x0000000001ee38e1, R11=0x00000007d6700a30
R12=0x0000000000000000, R13=0x000000000252b6a4, R14=0x000000000846e8d8, R15=0x00000000074dd000
RIP=0x000000000252b6f2, EFLAGS=0x0000000000010246

Top of Stack: (sp=0x000000000846e8e0)
0x000000000846e8e0:   ffffffff00000001 00000007816b8a50
0x000000000846e8f0:   f02d714a074dd000 00000000ffffffff
0x000000000846e900:   0000000000000000 00000007d6700a10
0x000000000846e910:   000000077c401d60 00000007d6700a30
0x000000000846e920:   0000000781608fb8 0000000781604890
0x000000000846e930:   00000007f02c59e0 000000000236b06c
0x000000000846e940:   000000078170f3f8 000000077c6b1f80
0x000000000846e950:   00000000f02c0912 00000000024e74cc
0x000000000846e960:   00000007d6700a10 00000000f02ca212
0x000000000846e970:   0000000781651090 0000000700000010
0x000000000846e980:   00000007d66ffca0 0000001000000074
0x000000000846e990:   0000000000000031 000001d200000000
0x000000000846e9a0:   00000007d7d00c70 0000000002404a64
0x000000000846e9b0:   00000007fafa0192 0000000002450a68
0x000000000846e9c0:   000000078168c478 00000000024c1e88
0x000000000846e9d0:   0000000400000001 000000078170f438 

Instructions: (pc=0x000000000252b6f2)
0x000000000252b6d2:   8b 4b 14 85 c9 0f 85 24 08 00 00 0f b6 9f 78 01
0x000000000252b6e2:   00 00 44 88 a7 77 01 00 00 44 8b 97 b8 01 00 00
0x000000000252b6f2:   43 8b 6c d4 24 45 0f b6 43 20 45 85 c0 0f 84 08
0x000000000252b702:   08 00 00 47 89 64 d4 20 45 89 a4 ec ac 01 00 00 


Register to memory mapping:

RAX=0x0000000000000000 is an unknown value
RBX=0x00000000000000f1 is an unknown value
RCX=0x0000000000000000 is an unknown value
RDX=0x00000000ffffffff is an unknown value
RSP=0x000000000846e8e0 is pointing into the stack for thread: 0x00000000074dd000
RBP=0x00000000f02d714a is an unknown value
RSI=0x000000077c402da0 is an oop
{instance class} 
 - klass: {other class}
RDI=0x000000077c401d60 is an oop
[[I 
 - klass: 'java/lang/Object'[]
 - length: 2
R8 =0x000000000168e000 is an unknown value
R9 =0x0000000000000000 is an unknown value
R10=0x0000000001ee38e1 is an unknown value
R11=0x00000007d6700a30 is an oop
javax.swing.JTable$ModelChange 
 - klass: 'javax/swing/JTable$ModelChange'
R12=0x0000000000000000 is an unknown value
R13=0x000000000252ad90 [CodeBlob (0x000000000252ad90)]
Framesize: 16
R14=0x000000000846e8d8 is pointing into the stack for thread: 0x00000000074dd000
R15=0x00000000074dd000 is a thread


Stack: [0x0000000008370000,0x0000000008470000],  sp=0x000000000846e8e0,  free space=1018k
Native frames: (J=compiled Java code, j=interpreted, Vv=VM code, C=native code)
J  javax.swing.JTable.sortedTableChanged(Ljavax/swing/event/RowSorterEvent;Ljavax/swing/event/TableModelEvent;)V


---------------  P R O C E S S  ---------------

Java Threads: ( => current thread )
  0x000000000d0cf000 JavaThread "pool-1-thread-1" [_thread_blocked, id=4716, stack(0x000000000c1d0000,0x000000000c2d0000)]
  0x00000000076ef800 JavaThread "Thread-3" [_thread_blocked, id=5416, stack(0x000000000c640000,0x000000000c740000)]
  0x00000000076ef000 JavaThread "Thread-2" [_thread_in_native, id=4816, stack(0x000000000c4d0000,0x000000000c5d0000)]
  0x0000000007697000 JavaThread "TimerQueue" daemon [_thread_blocked, id=5968, stack(0x000000000bc90000,0x000000000bd90000)]
  0x000000000766d000 JavaThread "D3D Screen Updater" daemon [_thread_blocked, id=5372, stack(0x000000000b490000,0x000000000b590000)]
  0x000000000200b800 JavaThread "DestroyJavaVM" [_thread_blocked, id=5492, stack(0x0000000002170000,0x0000000002270000)]
=>0x00000000074dd000 JavaThread "AWT-EventQueue-0" [_thread_in_Java, id=5988, stack(0x0000000008370000,0x0000000008470000)]
  0x00000000073b6000 JavaThread "AWT-Windows" daemon [_thread_in_native, id=6088, stack(0x00000000077e0000,0x00000000078e0000)]
  0x00000000073b5000 JavaThread "AWT-Shutdown" [_thread_blocked, id=5132, stack(0x0000000007ae0000,0x0000000007be0000)]
  0x00000000073b2800 JavaThread "Java2D Disposer" daemon [_thread_blocked, id=4888, stack(0x0000000007980000,0x0000000007a80000)]
  0x00000000060d9000 JavaThread "Service Thread" daemon [_thread_blocked, id=5832, stack(0x00000000070d0000,0x00000000071d0000)]
  0x00000000060d7000 JavaThread "C2 CompilerThread1" daemon [_thread_in_native, id=5676, stack(0x0000000006ec0000,0x0000000006fc0000)]
  0x00000000060d2000 JavaThread "C2 CompilerThread0" daemon [_thread_in_native, id=5576, stack(0x0000000006d60000,0x0000000006e60000)]
  0x00000000060cf000 JavaThread "Attach Listener" daemon [_thread_blocked, id=5636, stack(0x0000000006860000,0x0000000006960000)]
  0x00000000060c9800 JavaThread "Signal Dispatcher" daemon [_thread_blocked, id=3572, stack(0x0000000006b00000,0x0000000006c00000)]
  0x0000000001f53800 JavaThread "Finalizer" daemon [_thread_blocked, id=4568, stack(0x00000000069f0000,0x0000000006af0000)]
  0x0000000001f4d000 JavaThread "Reference Handler" daemon [_thread_blocked, id=4116, stack(0x0000000006750000,0x0000000006850000)]

Other Threads:
  0x0000000001f45000 VMThread [stack: 0x0000000006650000,0x0000000006750000] [id=5248]
  0x00000000060ec000 WatcherThread [stack: 0x00000000072b0000,0x00000000073b0000] [id=5632]

VM state:not at safepoint (normal execution)

VM Mutex/Monitor currently owned by a thread: None

Heap
 PSYoungGen      total 30464K, used 10969K [0x00000007d5cb0000, 0x00000007d7f90000, 0x0000000800000000)
  eden space 30208K, 35% used [0x00000007d5cb0000,0x00000007d6726b70,0x00000007d7a30000)
  from space 256K, 99% used [0x00000007d7d00000,0x00000007d7d3f970,0x00000007d7d40000)
  to   space 2368K, 0% used [0x00000007d7d40000,0x00000007d7d40000,0x00000007d7f90000)
 PSOldGen        total 86464K, used 1991K [0x0000000781600000, 0x0000000786a70000, 0x00000007d5cb0000)
  object space 86464K, 2% used [0x0000000781600000,0x00000007817f1ee0,0x0000000786a70000)
 PSPermGen       total 21248K, used 14918K [0x000000077c400000, 0x000000077d8c0000, 0x0000000781600000)
  object space 21248K, 70% used [0x000000077c400000,0x000000077d2919a0,0x000000077d8c0000)

Code Cache  [0x0000000002270000, 0x0000000002530000, 0x0000000005270000)
 total_blobs=1490 nmethods=1005 adapters=436 free_code_cache=46397Kb largest_free_block=47450112

Dynamic libraries:
0x000000013fe80000 - 0x000000013feb3000 	C:\Program Files\Java\jdk1.7.0_03\bin\java.exe
0x0000000077470000 - 0x0000000077619000 	C:\Windows\SYSTEM32\ntdll.dll
0x0000000077040000 - 0x000000007715f000 	C:\Windows\system32\kernel32.dll
0x000007fefdb90000 - 0x000007fefdbfb000 	C:\Windows\system32\KERNELBASE.dll
0x000007feff2d0000 - 0x000007feff3ab000 	C:\Windows\system32\ADVAPI32.dll
0x000007feff230000 - 0x000007feff2cf000 	C:\Windows\system32\msvcrt.dll
0x000007feff6e0000 - 0x000007feff6ff000 	C:\Windows\SYSTEM32\sechost.dll
0x000007fefdca0000 - 0x000007fefddcd000 	C:\Windows\system32\RPCRT4.dll
0x0000000077160000 - 0x000000007725a000 	C:\Windows\system32\USER32.dll
0x000007fefdea0000 - 0x000007fefdf07000 	C:\Windows\system32\GDI32.dll
0x000007feff6d0000 - 0x000007feff6de000 	C:\Windows\system32\LPK.dll
0x000007feff040000 - 0x000007feff109000 	C:\Windows\system32\USP10.dll
0x000007fefc0b0000 - 0x000007fefc2a4000 	C:\Windows\WinSxS\amd64_microsoft.windows.common-controls_6595b64144ccf1df_6.0.7601.17514_none_fa396087175ac9ac\COMCTL32.dll
0x000007fefe230000 - 0x000007fefe2a1000 	C:\Windows\system32\SHLWAPI.dll
0x000007fefddd0000 - 0x000007fefddfe000 	C:\Windows\system32\IMM32.DLL
0x000007fefdf10000 - 0x000007fefe019000 	C:\Windows\system32\MSCTF.dll
0x000007fefd890000 - 0x000007fefd8d0000 	C:\Windows\system32\nvinitx.dll
0x00000000658e0000 - 0x00000000659b1000 	C:\Program Files\Java\jdk1.7.0_03\jre\bin\msvcr100.dll
0x000000005eec0000 - 0x000000005f59a000 	C:\Program Files\Java\jdk1.7.0_03\jre\bin\server\jvm.dll
0x000007fefb380000 - 0x000007fefb389000 	C:\Windows\system32\WSOCK32.dll
0x000007feff3b0000 - 0x000007feff3fd000 	C:\Windows\system32\WS2_32.dll
0x000007feff4e0000 - 0x000007feff4e8000 	C:\Windows\system32\NSI.dll
0x000007fefbec0000 - 0x000007fefbefb000 	C:\Windows\system32\WINMM.dll
0x0000000077640000 - 0x0000000077647000 	C:\Windows\system32\PSAPI.DLL
0x0000000074910000 - 0x000000007491f000 	C:\Program Files\Java\jdk1.7.0_03\jre\bin\verify.dll
0x0000000066490000 - 0x00000000664b8000 	C:\Program Files\Java\jdk1.7.0_03\jre\bin\java.dll
0x0000000066470000 - 0x0000000066485000 	C:\Program Files\Java\jdk1.7.0_03\jre\bin\zip.dll
0x0000000065740000 - 0x00000000658d4000 	C:\Program Files\Java\jdk1.7.0_03\jre\bin\awt.dll
0x000007feff400000 - 0x000007feff4d7000 	C:\Windows\system32\OLEAUT32.dll
0x000007fefe020000 - 0x000007fefe223000 	C:\Windows\system32\ole32.dll
0x000007fefbe60000 - 0x000007fefbeb6000 	C:\Windows\system32\uxtheme.dll
0x000007fefb3d0000 - 0x000007fefb3e8000 	C:\Windows\system32\dwmapi.dll
0x000007fefd880000 - 0x000007fefd88f000 	C:\Windows\system32\CRYPTBASE.dll
0x000007fefe2b0000 - 0x000007feff038000 	C:\Windows\system32\SHELL32.dll
0x00000000660b0000 - 0x00000000660e4000 	C:\Program Files\Java\jdk1.7.0_03\jre\bin\fontmanager.dll
0x000007fee9090000 - 0x000007fee928f000 	C:\Windows\system32\d3d9.dll
0x000007fefc980000 - 0x000007fefc98c000 	C:\Windows\system32\VERSION.dll
0x000007fef3e40000 - 0x000007fef3e47000 	C:\Windows\system32\d3d8thk.dll
0x000007fee61d0000 - 0x000007fee7350000 	C:\Windows\system32\nvd3dumx.dll
0x000007fefc410000 - 0x000007fefc43c000 	C:\Windows\system32\powrprof.dll
0x000007feff4f0000 - 0x000007feff6c7000 	C:\Windows\system32\SETUPAPI.dll
0x000007fefd980000 - 0x000007fefd9b6000 	C:\Windows\system32\CFGMGR32.dll
0x000007fefdb70000 - 0x000007fefdb8a000 	C:\Windows\system32\DEVOBJ.dll
0x0000000180000000 - 0x0000000180116000 	C:\Program Files (x86)\NVIDIA Corporation\3D Vision\nvSCPAPI64.dll
0x000007fef26f0000 - 0x000007fef274d000 	C:\Windows\system32\dxgi.dll
0x0000000066450000 - 0x0000000066469000 	C:\Program Files\Java\jdk1.7.0_03\jre\bin\net.dll
0x000007fefd100000 - 0x000007fefd155000 	C:\Windows\system32\mswsock.dll
0x000007fefd0f0000 - 0x000007fefd0f7000 	C:\Windows\System32\wship6.dll
0x00000000663d0000 - 0x00000000663e1000 	C:\Program Files\Java\jdk1.7.0_03\jre\bin\nio.dll
0x000007feff110000 - 0x000007feff1a9000 	C:\Windows\system32\CLBCatQ.DLL
0x000007fefaef0000 - 0x000007fefb051000 	C:\Windows\system32\WindowsCodecs.dll
0x000007fefd760000 - 0x000007fefd7b7000 	C:\Windows\system32\apphelp.dll
0x0000000070690000 - 0x00000000706a6000 	C:\Program Files\Common Files\TortoiseOverlays\TortoiseOverlays.dll
0x0000000070830000 - 0x0000000070840000 	C:\Program Files\TortoiseSVN\bin\TortoiseStub.dll
0x000000006eea0000 - 0x000000006ef1b000 	C:\Program Files\TortoiseSVN\bin\TortoiseSVN.dll
0x0000000076ee0000 - 0x000000007703b000 	C:\Windows\system32\WININET.dll
0x0000000077630000 - 0x0000000077633000 	C:\Windows\system32\Normaliz.dll
0x0000000077260000 - 0x0000000077470000 	C:\Windows\system32\iertutil.dll
0x0000000076d90000 - 0x0000000076edd000 	C:\Windows\system32\urlmon.dll
0x000007feef9b0000 - 0x000007feefd99000 	C:\Program Files\TortoiseSVN\bin\libsvn_tsvn.dll
0x0000000070660000 - 0x000000007068b000 	C:\Program Files\TortoiseSVN\bin\libapr_tsvn.dll
0x000000006ef50000 - 0x000000006ef91000 	C:\Program Files\TortoiseSVN\bin\libaprutil_tsvn.dll
0x000007feff1d0000 - 0x000007feff222000 	C:\Windows\system32\WLDAP32.dll
0x000007fef7120000 - 0x000007fef7130000 	C:\Program Files\TortoiseSVN\bin\intl3_tsvn.dll
0x000007fef7100000 - 0x000007fef711a000 	C:\Program Files\TortoiseSVN\bin\libsasl.dll
0x000007fefd6f0000 - 0x000007fefd6fb000 	C:\Windows\system32\Secur32.dll
0x000007fefd730000 - 0x000007fefd755000 	C:\Windows\system32\SSPICLI.DLL
0x000007fefd9c0000 - 0x000007fefdb2a000 	C:\Windows\system32\CRYPT32.dll
0x000007fefd970000 - 0x000007fefd97f000 	C:\Windows\system32\MSASN1.dll
0x000000006ed20000 - 0x000000006edb8000 	C:\Windows\system32\MSVCP100.dll
0x000007fef5700000 - 0x000007fef5735000 	C:\Windows\system32\EhStorShell.dll
0x000007fefbf30000 - 0x000007fefc05c000 	C:\Windows\system32\PROPSYS.dll
0x000007feef340000 - 0x000007feef9af000 	C:\PROGRA~1\MICROS~2\Office14\GROOVEEX.DLL
0x000000006ec70000 - 0x000000006ed13000 	C:\Windows\WinSxS\amd64_microsoft.vc90.crt_1fc8b3b9a1e18e3b_9.0.30729.6161_none_08e61857a83bc251\MSVCR90.dll
0x000000006eb90000 - 0x000000006ec63000 	C:\Windows\WinSxS\amd64_microsoft.vc90.crt_1fc8b3b9a1e18e3b_9.0.30729.6161_none_08e61857a83bc251\MSVCP90.dll
0x000000006f6a0000 - 0x000000006f6cf000 	C:\Windows\WinSxS\amd64_microsoft.vc90.atl_1fc8b3b9a1e18e3b_9.0.30729.6161_none_0a1fd3a3a768b895\ATL90.DLL
0x000007feeef20000 - 0x000007feef33a000 	C:\PROGRA~1\COMMON~1\MICROS~1\OFFICE14\Cultures\office.odf
0x000007feee6b0000 - 0x000007feeef15000 	C:\PROGRA~1\MICROS~2\Office14\1033\GrooveIntlResource.dll
0x0000000066060000 - 0x00000000660a1000 	C:\Program Files\Java\jdk1.7.0_03\jre\bin\t2k.dll
0x0000000066030000 - 0x000000006605a000 	C:\Program Files\Java\jdk1.7.0_03\jre\bin\dcpr.dll
0x000007fefca50000 - 0x000007fefca57000 	C:\Windows\System32\wshtcpip.dll
0x000007fefcf80000 - 0x000007fefcfdb000 	C:\Windows\system32\DNSAPI.dll
0x000007fef73f0000 - 0x000007fef741f000 	C:\Program Files\Common Files\Microsoft Shared\Windows Live\WLIDNSP.DLL
0x000007fefb550000 - 0x000007fefb577000 	C:\Windows\system32\IPHLPAPI.DLL
0x000007fefb540000 - 0x000007fefb54b000 	C:\Windows\system32\WINNSI.DLL
0x000007fef6160000 - 0x000007fef6168000 	C:\Windows\system32\rasadhlp.dll
0x000007fefb4a0000 - 0x000007fefb4f3000 	C:\Windows\System32\fwpuclnt.dll

VM Arguments:
jvm_args: -Dfile.encoding=UTF-8 
java_command: cyprusgui.MainForm
Launcher Type: SUN_STANDARD

Environment Variables:
PATH=C:\Program Files\Common Files\Microsoft Shared\Windows Live;C:\Program Files (x86)\Common Files\Microsoft Shared\Windows Live;C:\Program Files (x86)\NVIDIA Corporation\PhysX\Common;C:\Windows\system32;C:\Windows;C:\Windows\System32\Wbem;C:\Windows\System32\WindowsPowerShell\v1.0\;C:\Program Files\Lucidlogix Technologies\VIRTU;C:\Program Files\MySQL\bin;C:\Program Files\MySQL\MySQL Server 5.5\bin;C:\bin;C:\Program Files\TortoiseSVN\bin;C:\Program Files (x86)\Windows Live\Shared;C:\Program Files (x86)\Graphviz 2.28\bin;C:\Program Files\Java\jdk1.7.0_03\bin;C:\Program Files\Java\jre7\bin;C:\Program Files (x86)\SSH Communications Security\SSH Secure Shell
USERNAME=James
OS=Windows_NT
PROCESSOR_IDENTIFIER=Intel64 Family 6 Model 42 Stepping 7, GenuineIntel



---------------  S Y S T E M  ---------------

OS: Windows 7 , 64 bit Build 7601 Service Pack 1

CPU:total 4 (4 cores per cpu, 1 threads per core) family 6 model 42 stepping 7, cmov, cx8, fxsr, mmx, sse, sse2, sse3, ssse3, sse4.1, sse4.2, popcnt

Memory: 4k page, physical 8298012k(5135536k free), swap 16594168k(12966148k free)

vm_info: Java HotSpot(TM) 64-Bit Server VM (22.1-b02) for windows-amd64 JRE (1.7.0_03-b05), built on Feb  3 2012 20:43:56 by "java_re" with unknown MS VC++:1600

time: Thu Mar 14 22:42:17 2013
elapsed time: 10 seconds

