#
# A fatal error has been detected by the Java Runtime Environment:
#
#  EXCEPTION_ACCESS_VIOLATION (0xc0000005) at pc=0x000000000264f0b2, pid=5144, tid=3492
#
# JRE version: 7.0_03-b05
# Java VM: Java HotSpot(TM) 64-Bit Server VM (22.1-b02 mixed mode windows-amd64 compressed oops)
# Problematic frame:
# J  javax.swing.JTable.sortedTableChanged(Ljavax/swing/event/RowSorterEvent;Ljavax/swing/event/TableModelEvent;)V
#
# Failed to write core dump. Minidumps are not enabled by default on client versions of Windows
#
# If you would like to submit a bug report, please visit:
#   http://bugreport.sun.com/bugreport/crash.jsp
#

---------------  T H R E A D  ---------------

Current thread (0x00000000077cd000):  JavaThread "AWT-EventQueue-0" [_thread_in_Java, id=3492, stack(0x0000000008450000,0x0000000008550000)]

siginfo: ExceptionCode=0xc0000005, reading address 0x000000000fb1d7ac

Registers:
RAX=0x0000000000000000, RBX=0x0000000000000001, RCX=0x0000000000000000, RDX=0x00000000ffffffff
RSP=0x000000000854e750, RBP=0x00000000fb00cc36, RSI=0x000000077c402da0, RDI=0x000000077c401d60
R8 =0x000000000179e000, R9 =0x0000000000000000, R10=0x0000000001f63af1, R11=0x00000007d7058538
R12=0x0000000000000000, R13=0x000000000264f064, R14=0x000000000854e748, R15=0x00000000077cd000
RIP=0x000000000264f0b2, EFLAGS=0x0000000000010246

Top of Stack: (sp=0x000000000854e750)
0x000000000854e750:   ffffffff00000001 00000007d80661b0
0x000000000854e760:   fb00cc36d7058370 00000007ffffffff
0x000000000854e770:   0000000000000000 00000007d7058518
0x000000000854e780:   000000077c401d60 00000007d7058538
0x000000000854e790:   00000007d7f88d28 00000007d7f88368
0x000000000854e7a0:   00000007fafee5b8 0000000002583568
0x000000000854e7b0:   00000007d807d0c8 ef9b637300000001
0x000000000854e7c0:   00000000faff106d 00000000025fefcc
0x000000000854e7d0:   00000007d7058518 00000000fb0039b7
0x000000000854e7e0:   00000007d801cdb8 0000000700000001
0x000000000854e7f0:   0000001000000074 0000000000000000
0x000000000854e800:   0000000000000031 00000007d8065bd8
0x000000000854e810:   00000007d801ce20 000000000250eb84
0x000000000854e820:   00000007fb0039c8 0000000700000001
0x000000000854e830:   ef8bb49b00000001 0000000700000000
0x000000000854e840:   0000000400000001 00000007d80d5300 

Instructions: (pc=0x000000000264f0b2)
0x000000000264f092:   8b 4b 14 85 c9 0f 85 24 08 00 00 0f b6 9f 78 01
0x000000000264f0a2:   00 00 44 88 a7 77 01 00 00 44 8b 97 b8 01 00 00
0x000000000264f0b2:   43 8b 6c d4 24 45 0f b6 43 20 45 85 c0 0f 84 08
0x000000000264f0c2:   08 00 00 47 89 64 d4 20 45 89 a4 ec ac 01 00 00 


Register to memory mapping:

RAX=0x0000000000000000 is an unknown value
RBX=0x0000000000000001 is an unknown value
RCX=0x0000000000000000 is an unknown value
RDX=0x00000000ffffffff is an unknown value
RSP=0x000000000854e750 is pointing into the stack for thread: 0x00000000077cd000
RBP=0x00000000fb00cc36 is an unknown value
RSI=0x000000077c402da0 is an oop
{instance class} 
 - klass: {other class}
RDI=0x000000077c401d60 is an oop
[[I 
 - klass: 'java/lang/Object'[]
 - length: 2
R8 =0x000000000179e000 is an unknown value
R9 =0x0000000000000000 is an unknown value
R10=0x0000000001f63af1 is an unknown value
R11=0x00000007d7058538 is an oop
javax.swing.JTable$ModelChange 
 - klass: 'javax/swing/JTable$ModelChange'
R12=0x0000000000000000 is an unknown value
R13=0x000000000264e750 [CodeBlob (0x000000000264e750)]
Framesize: 16
R14=0x000000000854e748 is pointing into the stack for thread: 0x00000000077cd000
R15=0x00000000077cd000 is a thread


Stack: [0x0000000008450000,0x0000000008550000],  sp=0x000000000854e750,  free space=1017k
Native frames: (J=compiled Java code, j=interpreted, Vv=VM code, C=native code)
J  javax.swing.JTable.sortedTableChanged(Ljavax/swing/event/RowSorterEvent;Ljavax/swing/event/TableModelEvent;)V


---------------  P R O C E S S  ---------------

Java Threads: ( => current thread )
  0x000000000d128000 JavaThread "pool-1-thread-1" [_thread_blocked, id=4664, stack(0x000000000ed10000,0x000000000ee10000)]
  0x0000000007a23000 JavaThread "Thread-3" [_thread_blocked, id=1092, stack(0x000000000c0e0000,0x000000000c1e0000)]
  0x00000000079e4800 JavaThread "Thread-2" [_thread_in_native, id=4992, stack(0x000000000bf90000,0x000000000c090000)]
  0x000000000798b800 JavaThread "TimerQueue" daemon [_thread_blocked, id=5572, stack(0x000000000baf0000,0x000000000bbf0000)]
  0x0000000007926000 JavaThread "D3D Screen Updater" daemon [_thread_blocked, id=5568, stack(0x000000000b3d0000,0x000000000b4d0000)]
  0x000000000033b800 JavaThread "DestroyJavaVM" [_thread_blocked, id=4904, stack(0x0000000002280000,0x0000000002380000)]
=>0x00000000077cd000 JavaThread "AWT-EventQueue-0" [_thread_in_Java, id=3492, stack(0x0000000008450000,0x0000000008550000)]
  0x00000000061ad800 JavaThread "AWT-Windows" daemon [_thread_in_native, id=2276, stack(0x0000000007b70000,0x0000000007c70000)]
  0x00000000061ad000 JavaThread "AWT-Shutdown" [_thread_blocked, id=5360, stack(0x0000000007290000,0x0000000007390000)]
  0x00000000061aa000 JavaThread "Java2D Disposer" daemon [_thread_blocked, id=1968, stack(0x00000000075a0000,0x00000000076a0000)]
  0x00000000060a9000 JavaThread "Service Thread" daemon [_thread_blocked, id=3896, stack(0x0000000006ff0000,0x00000000070f0000)]
  0x00000000060a7000 JavaThread "C2 CompilerThread1" daemon [_thread_blocked, id=5828, stack(0x00000000070f0000,0x00000000071f0000)]
  0x00000000060a2000 JavaThread "C2 CompilerThread0" daemon [_thread_blocked, id=5832, stack(0x0000000006e50000,0x0000000006f50000)]
  0x000000000609f000 JavaThread "Attach Listener" daemon [_thread_blocked, id=3708, stack(0x00000000069b0000,0x0000000006ab0000)]
  0x0000000006099800 JavaThread "Signal Dispatcher" daemon [_thread_blocked, id=5848, stack(0x0000000006d00000,0x0000000006e00000)]
  0x0000000001fd3800 JavaThread "Finalizer" daemon [_thread_blocked, id=5844, stack(0x0000000006af0000,0x0000000006bf0000)]
  0x0000000001fcd000 JavaThread "Reference Handler" daemon [_thread_blocked, id=5836, stack(0x0000000006880000,0x0000000006980000)]

Other Threads:
  0x0000000001fc5000 VMThread [stack: 0x0000000006690000,0x0000000006790000] [id=4500]
  0x00000000060bc000 WatcherThread [stack: 0x0000000007390000,0x0000000007490000] [id=4260]

VM state:synchronizing (normal execution)

VM Mutex/Monitor currently owned by a thread:  ([mutex/lock_event])
[0x0000000000339620] Safepoint_lock - owner thread: 0x0000000001fc5000
[0x00000000003396a0] Threads_lock - owner thread: 0x0000000001fc5000

Heap
 PSYoungGen      total 33216K, used 22408K [0x00000007d5cb0000, 0x00000007d81b0000, 0x0000000800000000)
  eden space 30912K, 65% used [0x00000007d5cb0000,0x00000007d705e6b0,0x00000007d7ae0000)
  from space 2304K, 97% used [0x00000007d7f70000,0x00000007d81a3980,0x00000007d81b0000)
  to   space 2304K, 0% used [0x00000007d7d30000,0x00000007d7d30000,0x00000007d7f70000)
 PSOldGen        total 86464K, used 0K [0x0000000781600000, 0x0000000786a70000, 0x00000007d5cb0000)
  object space 86464K, 0% used [0x0000000781600000,0x0000000781600000,0x0000000786a70000)
 PSPermGen       total 21248K, used 14866K [0x000000077c400000, 0x000000077d8c0000, 0x0000000781600000)
  object space 21248K, 69% used [0x000000077c400000,0x000000077d284a78,0x000000077d8c0000)

Code Cache  [0x0000000002380000, 0x0000000002660000, 0x0000000005380000)
 total_blobs=1471 nmethods=984 adapters=438 free_code_cache=46311Kb largest_free_block=47369792

Dynamic libraries:
0x000000013f130000 - 0x000000013f163000 	C:\Program Files\Java\jdk1.7.0_03\bin\java.exe
0x0000000077470000 - 0x0000000077619000 	C:\Windows\SYSTEM32\ntdll.dll
0x0000000077040000 - 0x000000007715f000 	C:\Windows\system32\kernel32.dll
0x000007fefdb90000 - 0x000007fefdbfb000 	C:\Windows\system32\KERNELBASE.dll
0x000007feff2d0000 - 0x000007feff3ab000 	C:\Windows\system32\ADVAPI32.dll
0x000007feff230000 - 0x000007feff2cf000 	C:\Windows\system32\msvcrt.dll
0x000007feff6e0000 - 0x000007feff6ff000 	C:\Windows\SYSTEM32\sechost.dll
0x000007fefdca0000 - 0x000007fefddcd000 	C:\Windows\system32\RPCRT4.dll
0x0000000077160000 - 0x000000007725a000 	C:\Windows\system32\USER32.dll
0x000007fefdea0000 - 0x000007fefdf07000 	C:\Windows\system32\GDI32.dll
0x000007feff6d0000 - 0x000007feff6de000 	C:\Windows\system32\LPK.dll
0x000007feff040000 - 0x000007feff109000 	C:\Windows\system32\USP10.dll
0x000007fefc0b0000 - 0x000007fefc2a4000 	C:\Windows\WinSxS\amd64_microsoft.windows.common-controls_6595b64144ccf1df_6.0.7601.17514_none_fa396087175ac9ac\COMCTL32.dll
0x000007fefe230000 - 0x000007fefe2a1000 	C:\Windows\system32\SHLWAPI.dll
0x000007fefddd0000 - 0x000007fefddfe000 	C:\Windows\system32\IMM32.DLL
0x000007fefdf10000 - 0x000007fefe019000 	C:\Windows\system32\MSCTF.dll
0x000007fefd890000 - 0x000007fefd8d0000 	C:\Windows\system32\nvinitx.dll
0x00000000658e0000 - 0x00000000659b1000 	C:\Program Files\Java\jdk1.7.0_03\jre\bin\msvcr100.dll
0x000000005eec0000 - 0x000000005f59a000 	C:\Program Files\Java\jdk1.7.0_03\jre\bin\server\jvm.dll
0x000007fefb380000 - 0x000007fefb389000 	C:\Windows\system32\WSOCK32.dll
0x000007feff3b0000 - 0x000007feff3fd000 	C:\Windows\system32\WS2_32.dll
0x000007feff4e0000 - 0x000007feff4e8000 	C:\Windows\system32\NSI.dll
0x000007fefbec0000 - 0x000007fefbefb000 	C:\Windows\system32\WINMM.dll
0x0000000077640000 - 0x0000000077647000 	C:\Windows\system32\PSAPI.DLL
0x0000000074910000 - 0x000000007491f000 	C:\Program Files\Java\jdk1.7.0_03\jre\bin\verify.dll
0x0000000066490000 - 0x00000000664b8000 	C:\Program Files\Java\jdk1.7.0_03\jre\bin\java.dll
0x0000000066470000 - 0x0000000066485000 	C:\Program Files\Java\jdk1.7.0_03\jre\bin\zip.dll
0x0000000065740000 - 0x00000000658d4000 	C:\Program Files\Java\jdk1.7.0_03\jre\bin\awt.dll
0x000007feff400000 - 0x000007feff4d7000 	C:\Windows\system32\OLEAUT32.dll
0x000007fefe020000 - 0x000007fefe223000 	C:\Windows\system32\ole32.dll
0x000007fefbe60000 - 0x000007fefbeb6000 	C:\Windows\system32\uxtheme.dll
0x000007fefb3d0000 - 0x000007fefb3e8000 	C:\Windows\system32\dwmapi.dll
0x000007fefd880000 - 0x000007fefd88f000 	C:\Windows\system32\CRYPTBASE.dll
0x000007fefe2b0000 - 0x000007feff038000 	C:\Windows\system32\SHELL32.dll
0x00000000660b0000 - 0x00000000660e4000 	C:\Program Files\Java\jdk1.7.0_03\jre\bin\fontmanager.dll
0x000007fee9090000 - 0x000007fee928f000 	C:\Windows\system32\d3d9.dll
0x000007fefc980000 - 0x000007fefc98c000 	C:\Windows\system32\VERSION.dll
0x000007fef3e40000 - 0x000007fef3e47000 	C:\Windows\system32\d3d8thk.dll
0x000007fee61d0000 - 0x000007fee7350000 	C:\Windows\system32\nvd3dumx.dll
0x000007fefc410000 - 0x000007fefc43c000 	C:\Windows\system32\powrprof.dll
0x000007feff4f0000 - 0x000007feff6c7000 	C:\Windows\system32\SETUPAPI.dll
0x000007fefd980000 - 0x000007fefd9b6000 	C:\Windows\system32\CFGMGR32.dll
0x000007fefdb70000 - 0x000007fefdb8a000 	C:\Windows\system32\DEVOBJ.dll
0x0000000180000000 - 0x0000000180116000 	C:\Program Files (x86)\NVIDIA Corporation\3D Vision\nvSCPAPI64.dll
0x000007fef26f0000 - 0x000007fef274d000 	C:\Windows\system32\dxgi.dll
0x0000000066450000 - 0x0000000066469000 	C:\Program Files\Java\jdk1.7.0_03\jre\bin\net.dll
0x000007fefd100000 - 0x000007fefd155000 	C:\Windows\system32\mswsock.dll
0x000007fefd0f0000 - 0x000007fefd0f7000 	C:\Windows\System32\wship6.dll
0x00000000663d0000 - 0x00000000663e1000 	C:\Program Files\Java\jdk1.7.0_03\jre\bin\nio.dll
0x000007feff110000 - 0x000007feff1a9000 	C:\Windows\system32\CLBCatQ.DLL
0x000007fefaef0000 - 0x000007fefb051000 	C:\Windows\system32\WindowsCodecs.dll
0x000007fefd760000 - 0x000007fefd7b7000 	C:\Windows\system32\apphelp.dll
0x0000000070690000 - 0x00000000706a6000 	C:\Program Files\Common Files\TortoiseOverlays\TortoiseOverlays.dll
0x0000000070830000 - 0x0000000070840000 	C:\Program Files\TortoiseSVN\bin\TortoiseStub.dll
0x000000006eea0000 - 0x000000006ef1b000 	C:\Program Files\TortoiseSVN\bin\TortoiseSVN.dll
0x0000000076ee0000 - 0x000000007703b000 	C:\Windows\system32\WININET.dll
0x0000000077630000 - 0x0000000077633000 	C:\Windows\system32\Normaliz.dll
0x0000000077260000 - 0x0000000077470000 	C:\Windows\system32\iertutil.dll
0x0000000076d90000 - 0x0000000076edd000 	C:\Windows\system32\urlmon.dll
0x000007feef9b0000 - 0x000007feefd99000 	C:\Program Files\TortoiseSVN\bin\libsvn_tsvn.dll
0x0000000070660000 - 0x000000007068b000 	C:\Program Files\TortoiseSVN\bin\libapr_tsvn.dll
0x000000006ef50000 - 0x000000006ef91000 	C:\Program Files\TortoiseSVN\bin\libaprutil_tsvn.dll
0x000007feff1d0000 - 0x000007feff222000 	C:\Windows\system32\WLDAP32.dll
0x000007fef7120000 - 0x000007fef7130000 	C:\Program Files\TortoiseSVN\bin\intl3_tsvn.dll
0x000007fef7100000 - 0x000007fef711a000 	C:\Program Files\TortoiseSVN\bin\libsasl.dll
0x000007fefd6f0000 - 0x000007fefd6fb000 	C:\Windows\system32\Secur32.dll
0x000007fefd730000 - 0x000007fefd755000 	C:\Windows\system32\SSPICLI.DLL
0x000007fefd9c0000 - 0x000007fefdb2a000 	C:\Windows\system32\CRYPT32.dll
0x000007fefd970000 - 0x000007fefd97f000 	C:\Windows\system32\MSASN1.dll
0x000000006ed20000 - 0x000000006edb8000 	C:\Windows\system32\MSVCP100.dll
0x000007fef5700000 - 0x000007fef5735000 	C:\Windows\system32\EhStorShell.dll
0x000007fefbf30000 - 0x000007fefc05c000 	C:\Windows\system32\PROPSYS.dll
0x000007feef340000 - 0x000007feef9af000 	C:\PROGRA~1\MICROS~2\Office14\GROOVEEX.DLL
0x000000006ec70000 - 0x000000006ed13000 	C:\Windows\WinSxS\amd64_microsoft.vc90.crt_1fc8b3b9a1e18e3b_9.0.30729.6161_none_08e61857a83bc251\MSVCR90.dll
0x000000006eb90000 - 0x000000006ec63000 	C:\Windows\WinSxS\amd64_microsoft.vc90.crt_1fc8b3b9a1e18e3b_9.0.30729.6161_none_08e61857a83bc251\MSVCP90.dll
0x000000006f6a0000 - 0x000000006f6cf000 	C:\Windows\WinSxS\amd64_microsoft.vc90.atl_1fc8b3b9a1e18e3b_9.0.30729.6161_none_0a1fd3a3a768b895\ATL90.DLL
0x000007feeef20000 - 0x000007feef33a000 	C:\PROGRA~1\COMMON~1\MICROS~1\OFFICE14\Cultures\office.odf
0x000007feee6b0000 - 0x000007feeef15000 	C:\PROGRA~1\MICROS~2\Office14\1033\GrooveIntlResource.dll
0x0000000066060000 - 0x00000000660a1000 	C:\Program Files\Java\jdk1.7.0_03\jre\bin\t2k.dll
0x0000000066030000 - 0x000000006605a000 	C:\Program Files\Java\jdk1.7.0_03\jre\bin\dcpr.dll
0x000007fefca50000 - 0x000007fefca57000 	C:\Windows\System32\wshtcpip.dll
0x000007fefcf80000 - 0x000007fefcfdb000 	C:\Windows\system32\DNSAPI.dll
0x000007fef73f0000 - 0x000007fef741f000 	C:\Program Files\Common Files\Microsoft Shared\Windows Live\WLIDNSP.DLL
0x000007fefb550000 - 0x000007fefb577000 	C:\Windows\system32\IPHLPAPI.DLL
0x000007fefb540000 - 0x000007fefb54b000 	C:\Windows\system32\WINNSI.DLL
0x000007fef6160000 - 0x000007fef6168000 	C:\Windows\system32\rasadhlp.dll
0x000007fefb4a0000 - 0x000007fefb4f3000 	C:\Windows\System32\fwpuclnt.dll

VM Arguments:
jvm_args: -Dfile.encoding=UTF-8 
java_command: cyprusgui.MainForm
Launcher Type: SUN_STANDARD

Environment Variables:
PATH=C:\Program Files\Common Files\Microsoft Shared\Windows Live;C:\Program Files (x86)\Common Files\Microsoft Shared\Windows Live;C:\Program Files (x86)\NVIDIA Corporation\PhysX\Common;C:\Windows\system32;C:\Windows;C:\Windows\System32\Wbem;C:\Windows\System32\WindowsPowerShell\v1.0\;C:\Program Files\Lucidlogix Technologies\VIRTU;C:\Program Files\MySQL\bin;C:\Program Files\MySQL\MySQL Server 5.5\bin;C:\bin;C:\Program Files\TortoiseSVN\bin;C:\Program Files (x86)\Windows Live\Shared;C:\Program Files (x86)\Graphviz 2.28\bin;C:\Program Files\Java\jdk1.7.0_03\bin;C:\Program Files\Java\jre7\bin;C:\Program Files (x86)\SSH Communications Security\SSH Secure Shell
USERNAME=James
OS=Windows_NT
PROCESSOR_IDENTIFIER=Intel64 Family 6 Model 42 Stepping 7, GenuineIntel



---------------  S Y S T E M  ---------------

OS: Windows 7 , 64 bit Build 7601 Service Pack 1

CPU:total 4 (4 cores per cpu, 1 threads per core) family 6 model 42 stepping 7, cmov, cx8, fxsr, mmx, sse, sse2, sse3, ssse3, sse4.1, sse4.2, popcnt

Memory: 4k page, physical 8298012k(5075716k free), swap 16594168k(12920864k free)

vm_info: Java HotSpot(TM) 64-Bit Server VM (22.1-b02) for windows-amd64 JRE (1.7.0_03-b05), built on Feb  3 2012 20:43:56 by "java_re" with unknown MS VC++:1600

time: Thu Mar 14 21:24:20 2013
elapsed time: 10 seconds

